[2018-05-10 10:12:35,450] INFO [ControllerEpochListener on 0]: Initialized controller epoch to 14 and zk version 13 (kafka.controller.ControllerEpochListener)
[2018-05-10 10:12:35,511] INFO [Controller 0]: Controller starting up (kafka.controller.KafkaController)
[2018-05-10 10:12:35,629] INFO [Controller 0]: Controller startup complete (kafka.controller.KafkaController)
[2018-05-10 10:12:42,013] INFO [Controller 0]: Broker 0 starting become controller state transition (kafka.controller.KafkaController)
[2018-05-10 10:12:42,018] INFO [Controller 0]: Controller 0 incremented epoch to 15 (kafka.controller.KafkaController)
[2018-05-10 10:12:42,194] INFO [Controller 0]: Partitions undergoing preferred replica election:  (kafka.controller.KafkaController)
[2018-05-10 10:12:42,194] INFO [Controller 0]: Partitions that completed preferred replica election:  (kafka.controller.KafkaController)
[2018-05-10 10:12:42,195] INFO [Controller 0]: Resuming preferred replica election for partitions:  (kafka.controller.KafkaController)
[2018-05-10 10:12:42,203] INFO [Controller 0]: Partitions being reassigned: Map() (kafka.controller.KafkaController)
[2018-05-10 10:12:42,203] INFO [Controller 0]: Partitions already reassigned: List() (kafka.controller.KafkaController)
[2018-05-10 10:12:42,212] INFO [Controller 0]: Resuming reassignment of partitions: Map() (kafka.controller.KafkaController)
[2018-05-10 10:12:42,219] INFO [Controller 0]: List of topics to be deleted:  (kafka.controller.KafkaController)
[2018-05-10 10:12:42,219] INFO [Controller 0]: List of topics ineligible for deletion: example-for-report,test001,test002,test000 (kafka.controller.KafkaController)
[2018-05-10 10:12:42,233] INFO [Controller 0]: Currently active brokers in the cluster: Set() (kafka.controller.KafkaController)
[2018-05-10 10:12:42,234] INFO [Controller 0]: Currently shutting brokers in the cluster: Set() (kafka.controller.KafkaController)
[2018-05-10 10:12:42,234] INFO [Controller 0]: Current list of topics in the cluster: Set(test001, test000, example-for-report, test002) (kafka.controller.KafkaController)
[2018-05-10 10:12:42,252] INFO [Replica state machine on controller 0]: Started replica state machine with initial state -> Map([Topic=test000,Partition=0,Replica=1] -> ReplicaDeletionIneligible, [Topic=example-for-report,Partition=0,Replica=0] -> ReplicaDeletionIneligible, [Topic=test001,Partition=0,Replica=1] -> ReplicaDeletionIneligible, [Topic=example-for-report,Partition=0,Replica=1] -> ReplicaDeletionIneligible, [Topic=test001,Partition=0,Replica=0] -> ReplicaDeletionIneligible, [Topic=test002,Partition=1,Replica=0] -> ReplicaDeletionIneligible, [Topic=test002,Partition=0,Replica=1] -> ReplicaDeletionIneligible) (kafka.controller.ReplicaStateMachine)
[2018-05-10 10:12:42,288] DEBUG [OfflinePartitionLeaderSelector]: No broker in ISR is alive for [example-for-report,0]. Pick the leader from the alive assigned replicas:  (kafka.controller.OfflinePartitionLeaderSelector)
[2018-05-10 10:12:42,317] DEBUG [OfflinePartitionLeaderSelector]: No broker in ISR is alive for [test001,0]. Pick the leader from the alive assigned replicas:  (kafka.controller.OfflinePartitionLeaderSelector)
[2018-05-10 10:12:42,337] DEBUG [OfflinePartitionLeaderSelector]: No broker in ISR is alive for [test002,0]. Pick the leader from the alive assigned replicas:  (kafka.controller.OfflinePartitionLeaderSelector)
[2018-05-10 10:12:42,347] DEBUG [OfflinePartitionLeaderSelector]: No broker in ISR is alive for [test000,0]. Pick the leader from the alive assigned replicas:  (kafka.controller.OfflinePartitionLeaderSelector)
[2018-05-10 10:12:42,370] DEBUG [OfflinePartitionLeaderSelector]: No broker in ISR is alive for [test002,1]. Pick the leader from the alive assigned replicas:  (kafka.controller.OfflinePartitionLeaderSelector)
[2018-05-10 10:12:42,378] INFO [Partition state machine on Controller 0]: Started partition state machine with initial state -> Map([example-for-report,0] -> OfflinePartition, [test001,0] -> OfflinePartition, [test002,0] -> OfflinePartition, [test000,0] -> OfflinePartition, [test002,1] -> OfflinePartition) (kafka.controller.PartitionStateMachine)
[2018-05-10 10:12:42,388] INFO [Controller 0]: Broker 0 is ready to serve as the new controller with epoch 15 (kafka.controller.KafkaController)
[2018-05-10 10:12:42,389] INFO [Controller 0]: Starting preferred replica leader election for partitions  (kafka.controller.KafkaController)
[2018-05-10 10:12:42,390] INFO [Partition state machine on Controller 0]: Invoking state change to OnlinePartition for partitions  (kafka.controller.PartitionStateMachine)
[2018-05-10 10:12:42,404] INFO [delete-topics-thread], Starting  (kafka.controller.TopicDeletionManager$DeleteTopicsThread)
[2018-05-10 10:12:42,406] INFO Waiting for signal to start or continue topic deletion (kafka.controller.TopicDeletionManager)
[2018-05-10 10:12:42,407] DEBUG [ControllerEpochListener on 0]: Controller epoch listener fired with new epoch 15 (kafka.controller.ControllerEpochListener)
[2018-05-10 10:12:42,409] INFO [ControllerEpochListener on 0]: Initialized controller epoch to 15 and zk version 14 (kafka.controller.ControllerEpochListener)
[2018-05-10 10:12:47,699] INFO [BrokerChangeListener on Controller 0]: Broker change listener fired for path /brokers/ids with children 1 (kafka.controller.ReplicaStateMachine$BrokerChangeListener)
[2018-05-10 10:12:47,765] INFO [BrokerChangeListener on Controller 0]: Newly added brokers: 1, deleted brokers: , all live brokers: 1 (kafka.controller.ReplicaStateMachine$BrokerChangeListener)
[2018-05-10 10:12:47,775] DEBUG [Channel manager on controller 0]: Controller 0 trying to connect to broker 1 (kafka.controller.ControllerChannelManager)
[2018-05-10 10:12:47,790] INFO [Controller-0-to-broker-1-send-thread], Controller 0 connected to id:1,host:ip-172-31-34-212.us-east-2.compute.internal,port:9091 for sending state change requests (kafka.controller.RequestSendThread)
[2018-05-10 10:12:47,795] INFO [Controller 0]: New broker startup callback for 1 (kafka.controller.KafkaController)
[2018-05-10 10:12:47,797] INFO [Controller-0-to-broker-1-send-thread], Starting  (kafka.controller.RequestSendThread)
[2018-05-10 10:12:47,810] INFO [Replica state machine on controller 0]: Invoking state change to OnlineReplica for replicas [Topic=example-for-report,Partition=0,Replica=1],[Topic=test001,Partition=0,Replica=1],[Topic=test002,Partition=0,Replica=1],[Topic=test000,Partition=0,Replica=1] (kafka.controller.ReplicaStateMachine)
[2018-05-10 10:12:47,875] DEBUG [OfflinePartitionLeaderSelector]: Some broker in ISR is alive for [example-for-report,0]. Select 1 from ISR 1 to be the leader. (kafka.controller.OfflinePartitionLeaderSelector)
[2018-05-10 10:12:47,887] INFO [OfflinePartitionLeaderSelector]: Selected new leader and ISR {"leader":1,"leader_epoch":7,"isr":[1]} for offline partition [example-for-report,0] (kafka.controller.OfflinePartitionLeaderSelector)
[2018-05-10 10:12:47,900] DEBUG [Partition state machine on Controller 0]: After leader election, leader cache is updated to Map([example-for-report,0] -> (Leader:1,ISR:1,LeaderEpoch:7,ControllerEpoch:15), [test001,0] -> (Leader:1,ISR:1,0,LeaderEpoch:8,ControllerEpoch:14), [test002,0] -> (Leader:1,ISR:1,LeaderEpoch:5,ControllerEpoch:14), [test000,0] -> (Leader:1,ISR:1,LeaderEpoch:8,ControllerEpoch:14), [test002,1] -> (Leader:0,ISR:0,LeaderEpoch:5,ControllerEpoch:14)) (kafka.controller.PartitionStateMachine)
[2018-05-10 10:12:47,909] DEBUG [OfflinePartitionLeaderSelector]: Some broker in ISR is alive for [test001,0]. Select 1 from ISR 1 to be the leader. (kafka.controller.OfflinePartitionLeaderSelector)
[2018-05-10 10:12:47,909] INFO [OfflinePartitionLeaderSelector]: Selected new leader and ISR {"leader":1,"leader_epoch":9,"isr":[1]} for offline partition [test001,0] (kafka.controller.OfflinePartitionLeaderSelector)
[2018-05-10 10:12:47,912] DEBUG [Partition state machine on Controller 0]: After leader election, leader cache is updated to Map([example-for-report,0] -> (Leader:1,ISR:1,LeaderEpoch:7,ControllerEpoch:15), [test001,0] -> (Leader:1,ISR:1,LeaderEpoch:9,ControllerEpoch:15), [test002,0] -> (Leader:1,ISR:1,LeaderEpoch:5,ControllerEpoch:14), [test000,0] -> (Leader:1,ISR:1,LeaderEpoch:8,ControllerEpoch:14), [test002,1] -> (Leader:0,ISR:0,LeaderEpoch:5,ControllerEpoch:14)) (kafka.controller.PartitionStateMachine)
[2018-05-10 10:12:47,921] DEBUG [OfflinePartitionLeaderSelector]: Some broker in ISR is alive for [test002,0]. Select 1 from ISR 1 to be the leader. (kafka.controller.OfflinePartitionLeaderSelector)
[2018-05-10 10:12:47,921] INFO [OfflinePartitionLeaderSelector]: Selected new leader and ISR {"leader":1,"leader_epoch":6,"isr":[1]} for offline partition [test002,0] (kafka.controller.OfflinePartitionLeaderSelector)
[2018-05-10 10:12:47,940] DEBUG [Partition state machine on Controller 0]: After leader election, leader cache is updated to Map([example-for-report,0] -> (Leader:1,ISR:1,LeaderEpoch:7,ControllerEpoch:15), [test001,0] -> (Leader:1,ISR:1,LeaderEpoch:9,ControllerEpoch:15), [test002,0] -> (Leader:1,ISR:1,LeaderEpoch:6,ControllerEpoch:15), [test000,0] -> (Leader:1,ISR:1,LeaderEpoch:8,ControllerEpoch:14), [test002,1] -> (Leader:0,ISR:0,LeaderEpoch:5,ControllerEpoch:14)) (kafka.controller.PartitionStateMachine)
[2018-05-10 10:12:47,947] DEBUG [OfflinePartitionLeaderSelector]: Some broker in ISR is alive for [test000,0]. Select 1 from ISR 1 to be the leader. (kafka.controller.OfflinePartitionLeaderSelector)
[2018-05-10 10:12:47,947] INFO [OfflinePartitionLeaderSelector]: Selected new leader and ISR {"leader":1,"leader_epoch":9,"isr":[1]} for offline partition [test000,0] (kafka.controller.OfflinePartitionLeaderSelector)
[2018-05-10 10:12:47,955] DEBUG [Partition state machine on Controller 0]: After leader election, leader cache is updated to Map([example-for-report,0] -> (Leader:1,ISR:1,LeaderEpoch:7,ControllerEpoch:15), [test001,0] -> (Leader:1,ISR:1,LeaderEpoch:9,ControllerEpoch:15), [test002,0] -> (Leader:1,ISR:1,LeaderEpoch:6,ControllerEpoch:15), [test000,0] -> (Leader:1,ISR:1,LeaderEpoch:9,ControllerEpoch:15), [test002,1] -> (Leader:0,ISR:0,LeaderEpoch:5,ControllerEpoch:14)) (kafka.controller.PartitionStateMachine)
[2018-05-10 10:12:47,959] DEBUG [OfflinePartitionLeaderSelector]: No broker in ISR is alive for [test002,1]. Pick the leader from the alive assigned replicas:  (kafka.controller.OfflinePartitionLeaderSelector)
[2018-05-10 10:12:47,981] INFO [BrokerChangeListener on Controller 0]: Broker change listener fired for path /brokers/ids with children 1,0 (kafka.controller.ReplicaStateMachine$BrokerChangeListener)
[2018-05-10 10:12:48,056] INFO [BrokerChangeListener on Controller 0]: Newly added brokers: 0, deleted brokers: , all live brokers: 1,0 (kafka.controller.ReplicaStateMachine$BrokerChangeListener)
[2018-05-10 10:12:48,057] DEBUG [Channel manager on controller 0]: Controller 0 trying to connect to broker 0 (kafka.controller.ControllerChannelManager)
[2018-05-10 10:12:48,059] INFO [Controller-0-to-broker-0-send-thread], Controller 0 connected to id:0,host:ip-172-31-34-212.us-east-2.compute.internal,port:9090 for sending state change requests (kafka.controller.RequestSendThread)
[2018-05-10 10:12:48,071] INFO [Controller 0]: New broker startup callback for 0 (kafka.controller.KafkaController)
[2018-05-10 10:12:48,075] INFO [Replica state machine on controller 0]: Invoking state change to OnlineReplica for replicas [Topic=example-for-report,Partition=0,Replica=0],[Topic=test001,Partition=0,Replica=0],[Topic=test002,Partition=1,Replica=0] (kafka.controller.ReplicaStateMachine)
[2018-05-10 10:12:48,079] INFO [Controller-0-to-broker-0-send-thread], Starting  (kafka.controller.RequestSendThread)
[2018-05-10 10:12:48,115] DEBUG [OfflinePartitionLeaderSelector]: Some broker in ISR is alive for [test002,1]. Select 0 from ISR 0 to be the leader. (kafka.controller.OfflinePartitionLeaderSelector)
[2018-05-10 10:12:48,116] INFO [OfflinePartitionLeaderSelector]: Selected new leader and ISR {"leader":0,"leader_epoch":6,"isr":[0]} for offline partition [test002,1] (kafka.controller.OfflinePartitionLeaderSelector)
[2018-05-10 10:12:48,122] DEBUG [Partition state machine on Controller 0]: After leader election, leader cache is updated to Map([example-for-report,0] -> (Leader:1,ISR:1,LeaderEpoch:7,ControllerEpoch:15), [test001,0] -> (Leader:1,ISR:1,LeaderEpoch:9,ControllerEpoch:15), [test002,0] -> (Leader:1,ISR:1,LeaderEpoch:6,ControllerEpoch:15), [test000,0] -> (Leader:1,ISR:1,LeaderEpoch:9,ControllerEpoch:15), [test002,1] -> (Leader:0,ISR:0,LeaderEpoch:6,ControllerEpoch:15)) (kafka.controller.PartitionStateMachine)
[2018-05-10 10:20:45,407] INFO [ControllerEpochListener on 0]: Initialized controller epoch to 15 and zk version 14 (kafka.controller.ControllerEpochListener)
[2018-05-10 10:20:45,476] INFO [Controller 0]: Controller starting up (kafka.controller.KafkaController)
[2018-05-10 10:20:45,496] INFO [Controller 0]: Broker 0 starting become controller state transition (kafka.controller.KafkaController)
[2018-05-10 10:20:45,502] INFO [Controller 0]: Controller 0 incremented epoch to 16 (kafka.controller.KafkaController)
[2018-05-10 10:20:45,788] INFO [Controller 0]: Partitions undergoing preferred replica election:  (kafka.controller.KafkaController)
[2018-05-10 10:20:45,789] INFO [Controller 0]: Partitions that completed preferred replica election:  (kafka.controller.KafkaController)
[2018-05-10 10:20:45,789] INFO [Controller 0]: Resuming preferred replica election for partitions:  (kafka.controller.KafkaController)
[2018-05-10 10:20:45,792] INFO [Controller 0]: Partitions being reassigned: Map() (kafka.controller.KafkaController)
[2018-05-10 10:20:45,793] INFO [Controller 0]: Partitions already reassigned: List() (kafka.controller.KafkaController)
[2018-05-10 10:20:45,794] INFO [Controller 0]: Resuming reassignment of partitions: Map() (kafka.controller.KafkaController)
[2018-05-10 10:20:45,799] INFO [Controller 0]: List of topics to be deleted:  (kafka.controller.KafkaController)
[2018-05-10 10:20:45,799] INFO [Controller 0]: List of topics ineligible for deletion: example-for-report,test001,test002,test000 (kafka.controller.KafkaController)
[2018-05-10 10:20:45,801] INFO [Controller 0]: Currently active brokers in the cluster: Set() (kafka.controller.KafkaController)
[2018-05-10 10:20:45,802] INFO [Controller 0]: Currently shutting brokers in the cluster: Set() (kafka.controller.KafkaController)
[2018-05-10 10:20:45,802] INFO [Controller 0]: Current list of topics in the cluster: Set(test001, test000, example-for-report, test002) (kafka.controller.KafkaController)
[2018-05-10 10:20:45,807] INFO [Replica state machine on controller 0]: Started replica state machine with initial state -> Map([Topic=test000,Partition=0,Replica=1] -> ReplicaDeletionIneligible, [Topic=example-for-report,Partition=0,Replica=0] -> ReplicaDeletionIneligible, [Topic=test001,Partition=0,Replica=1] -> ReplicaDeletionIneligible, [Topic=example-for-report,Partition=0,Replica=1] -> ReplicaDeletionIneligible, [Topic=test001,Partition=0,Replica=0] -> ReplicaDeletionIneligible, [Topic=test002,Partition=1,Replica=0] -> ReplicaDeletionIneligible, [Topic=test002,Partition=0,Replica=1] -> ReplicaDeletionIneligible) (kafka.controller.ReplicaStateMachine)
[2018-05-10 10:20:45,826] DEBUG [OfflinePartitionLeaderSelector]: No broker in ISR is alive for [example-for-report,0]. Pick the leader from the alive assigned replicas:  (kafka.controller.OfflinePartitionLeaderSelector)
[2018-05-10 10:20:45,846] DEBUG [OfflinePartitionLeaderSelector]: No broker in ISR is alive for [test001,0]. Pick the leader from the alive assigned replicas:  (kafka.controller.OfflinePartitionLeaderSelector)
[2018-05-10 10:20:45,872] DEBUG [OfflinePartitionLeaderSelector]: No broker in ISR is alive for [test002,0]. Pick the leader from the alive assigned replicas:  (kafka.controller.OfflinePartitionLeaderSelector)
[2018-05-10 10:20:45,895] DEBUG [OfflinePartitionLeaderSelector]: No broker in ISR is alive for [test000,0]. Pick the leader from the alive assigned replicas:  (kafka.controller.OfflinePartitionLeaderSelector)
[2018-05-10 10:20:45,922] DEBUG [OfflinePartitionLeaderSelector]: No broker in ISR is alive for [test002,1]. Pick the leader from the alive assigned replicas:  (kafka.controller.OfflinePartitionLeaderSelector)
[2018-05-10 10:20:45,929] INFO [Partition state machine on Controller 0]: Started partition state machine with initial state -> Map([example-for-report,0] -> OfflinePartition, [test001,0] -> OfflinePartition, [test002,0] -> OfflinePartition, [test000,0] -> OfflinePartition, [test002,1] -> OfflinePartition) (kafka.controller.PartitionStateMachine)
[2018-05-10 10:20:45,943] INFO [Controller 0]: Broker 0 is ready to serve as the new controller with epoch 16 (kafka.controller.KafkaController)
[2018-05-10 10:20:45,944] INFO [Controller 0]: Starting preferred replica leader election for partitions  (kafka.controller.KafkaController)
[2018-05-10 10:20:45,945] INFO [Partition state machine on Controller 0]: Invoking state change to OnlinePartition for partitions  (kafka.controller.PartitionStateMachine)
[2018-05-10 10:20:45,964] INFO [Controller 0]: Controller startup complete (kafka.controller.KafkaController)
[2018-05-10 10:20:45,969] INFO [delete-topics-thread], Starting  (kafka.controller.TopicDeletionManager$DeleteTopicsThread)
[2018-05-10 10:20:45,980] INFO Waiting for signal to start or continue topic deletion (kafka.controller.TopicDeletionManager)
[2018-05-10 10:20:45,984] DEBUG [ControllerEpochListener on 0]: Controller epoch listener fired with new epoch 16 (kafka.controller.ControllerEpochListener)
[2018-05-10 10:20:45,987] INFO [ControllerEpochListener on 0]: Initialized controller epoch to 16 and zk version 15 (kafka.controller.ControllerEpochListener)
[2018-05-10 10:20:45,988] INFO [BrokerChangeListener on Controller 0]: Broker change listener fired for path /brokers/ids with children 1,0 (kafka.controller.ReplicaStateMachine$BrokerChangeListener)
[2018-05-10 10:20:46,102] INFO [BrokerChangeListener on Controller 0]: Newly added brokers: 1,0, deleted brokers: , all live brokers: 1,0 (kafka.controller.ReplicaStateMachine$BrokerChangeListener)
[2018-05-10 10:20:46,103] DEBUG [Channel manager on controller 0]: Controller 0 trying to connect to broker 1 (kafka.controller.ControllerChannelManager)
[2018-05-10 10:20:46,117] INFO [Controller-0-to-broker-1-send-thread], Controller 0 connected to id:1,host:ip-172-31-34-212.us-east-2.compute.internal,port:9091 for sending state change requests (kafka.controller.RequestSendThread)
[2018-05-10 10:20:46,120] DEBUG [Channel manager on controller 0]: Controller 0 trying to connect to broker 0 (kafka.controller.ControllerChannelManager)
[2018-05-10 10:20:46,121] INFO [Controller-0-to-broker-1-send-thread], Starting  (kafka.controller.RequestSendThread)
[2018-05-10 10:20:46,124] INFO [Controller-0-to-broker-0-send-thread], Controller 0 connected to id:0,host:ip-172-31-34-212.us-east-2.compute.internal,port:9090 for sending state change requests (kafka.controller.RequestSendThread)
[2018-05-10 10:20:46,129] INFO [Controller 0]: New broker startup callback for 1,0 (kafka.controller.KafkaController)
[2018-05-10 10:20:46,132] INFO [Controller-0-to-broker-0-send-thread], Starting  (kafka.controller.RequestSendThread)
[2018-05-10 10:20:46,174] INFO [Replica state machine on controller 0]: Invoking state change to OnlineReplica for replicas [Topic=test001,Partition=0,Replica=1],[Topic=test001,Partition=0,Replica=0],[Topic=test002,Partition=0,Replica=1],[Topic=test000,Partition=0,Replica=1],[Topic=test002,Partition=1,Replica=0],[Topic=example-for-report,Partition=0,Replica=0],[Topic=example-for-report,Partition=0,Replica=1] (kafka.controller.ReplicaStateMachine)
[2018-05-10 10:20:46,280] DEBUG [OfflinePartitionLeaderSelector]: Some broker in ISR is alive for [example-for-report,0]. Select 1 from ISR 1,0 to be the leader. (kafka.controller.OfflinePartitionLeaderSelector)
[2018-05-10 10:20:46,281] INFO [OfflinePartitionLeaderSelector]: Selected new leader and ISR {"leader":1,"leader_epoch":8,"isr":[1,0]} for offline partition [example-for-report,0] (kafka.controller.OfflinePartitionLeaderSelector)
[2018-05-10 10:20:46,299] DEBUG [Partition state machine on Controller 0]: After leader election, leader cache is updated to Map([example-for-report,0] -> (Leader:1,ISR:1,0,LeaderEpoch:8,ControllerEpoch:16), [test001,0] -> (Leader:1,ISR:1,0,LeaderEpoch:9,ControllerEpoch:15), [test002,0] -> (Leader:1,ISR:1,LeaderEpoch:6,ControllerEpoch:15), [test000,0] -> (Leader:1,ISR:1,LeaderEpoch:9,ControllerEpoch:15), [test002,1] -> (Leader:0,ISR:0,LeaderEpoch:6,ControllerEpoch:15)) (kafka.controller.PartitionStateMachine)
[2018-05-10 10:20:46,333] DEBUG [OfflinePartitionLeaderSelector]: Some broker in ISR is alive for [test001,0]. Select 1 from ISR 1,0 to be the leader. (kafka.controller.OfflinePartitionLeaderSelector)
[2018-05-10 10:20:46,333] INFO [OfflinePartitionLeaderSelector]: Selected new leader and ISR {"leader":1,"leader_epoch":10,"isr":[1,0]} for offline partition [test001,0] (kafka.controller.OfflinePartitionLeaderSelector)
[2018-05-10 10:20:46,337] DEBUG [Partition state machine on Controller 0]: After leader election, leader cache is updated to Map([example-for-report,0] -> (Leader:1,ISR:1,0,LeaderEpoch:8,ControllerEpoch:16), [test001,0] -> (Leader:1,ISR:1,0,LeaderEpoch:10,ControllerEpoch:16), [test002,0] -> (Leader:1,ISR:1,LeaderEpoch:6,ControllerEpoch:15), [test000,0] -> (Leader:1,ISR:1,LeaderEpoch:9,ControllerEpoch:15), [test002,1] -> (Leader:0,ISR:0,LeaderEpoch:6,ControllerEpoch:15)) (kafka.controller.PartitionStateMachine)
[2018-05-10 10:20:46,343] DEBUG [OfflinePartitionLeaderSelector]: Some broker in ISR is alive for [test002,0]. Select 1 from ISR 1 to be the leader. (kafka.controller.OfflinePartitionLeaderSelector)
[2018-05-10 10:20:46,343] INFO [OfflinePartitionLeaderSelector]: Selected new leader and ISR {"leader":1,"leader_epoch":7,"isr":[1]} for offline partition [test002,0] (kafka.controller.OfflinePartitionLeaderSelector)
[2018-05-10 10:20:46,362] DEBUG [Partition state machine on Controller 0]: After leader election, leader cache is updated to Map([example-for-report,0] -> (Leader:1,ISR:1,0,LeaderEpoch:8,ControllerEpoch:16), [test001,0] -> (Leader:1,ISR:1,0,LeaderEpoch:10,ControllerEpoch:16), [test002,0] -> (Leader:1,ISR:1,LeaderEpoch:7,ControllerEpoch:16), [test000,0] -> (Leader:1,ISR:1,LeaderEpoch:9,ControllerEpoch:15), [test002,1] -> (Leader:0,ISR:0,LeaderEpoch:6,ControllerEpoch:15)) (kafka.controller.PartitionStateMachine)
[2018-05-10 10:20:46,371] DEBUG [OfflinePartitionLeaderSelector]: Some broker in ISR is alive for [test000,0]. Select 1 from ISR 1 to be the leader. (kafka.controller.OfflinePartitionLeaderSelector)
[2018-05-10 10:20:46,372] INFO [OfflinePartitionLeaderSelector]: Selected new leader and ISR {"leader":1,"leader_epoch":10,"isr":[1]} for offline partition [test000,0] (kafka.controller.OfflinePartitionLeaderSelector)
[2018-05-10 10:20:46,388] DEBUG [Partition state machine on Controller 0]: After leader election, leader cache is updated to Map([example-for-report,0] -> (Leader:1,ISR:1,0,LeaderEpoch:8,ControllerEpoch:16), [test001,0] -> (Leader:1,ISR:1,0,LeaderEpoch:10,ControllerEpoch:16), [test002,0] -> (Leader:1,ISR:1,LeaderEpoch:7,ControllerEpoch:16), [test000,0] -> (Leader:1,ISR:1,LeaderEpoch:10,ControllerEpoch:16), [test002,1] -> (Leader:0,ISR:0,LeaderEpoch:6,ControllerEpoch:15)) (kafka.controller.PartitionStateMachine)
[2018-05-10 10:20:46,395] DEBUG [OfflinePartitionLeaderSelector]: Some broker in ISR is alive for [test002,1]. Select 0 from ISR 0 to be the leader. (kafka.controller.OfflinePartitionLeaderSelector)
[2018-05-10 10:20:46,395] INFO [OfflinePartitionLeaderSelector]: Selected new leader and ISR {"leader":0,"leader_epoch":7,"isr":[0]} for offline partition [test002,1] (kafka.controller.OfflinePartitionLeaderSelector)
[2018-05-10 10:20:46,416] DEBUG [Partition state machine on Controller 0]: After leader election, leader cache is updated to Map([example-for-report,0] -> (Leader:1,ISR:1,0,LeaderEpoch:8,ControllerEpoch:16), [test001,0] -> (Leader:1,ISR:1,0,LeaderEpoch:10,ControllerEpoch:16), [test002,0] -> (Leader:1,ISR:1,LeaderEpoch:7,ControllerEpoch:16), [test000,0] -> (Leader:1,ISR:1,LeaderEpoch:10,ControllerEpoch:16), [test002,1] -> (Leader:0,ISR:0,LeaderEpoch:7,ControllerEpoch:16)) (kafka.controller.PartitionStateMachine)
[2018-05-10 10:23:53,862] INFO [ControllerEpochListener on 0]: Initialized controller epoch to 16 and zk version 15 (kafka.controller.ControllerEpochListener)
[2018-05-10 10:23:53,922] INFO [Controller 0]: Controller starting up (kafka.controller.KafkaController)
[2018-05-10 10:23:53,945] INFO [Controller 0]: Broker 0 starting become controller state transition (kafka.controller.KafkaController)
[2018-05-10 10:23:53,960] INFO [Controller 0]: Controller 0 incremented epoch to 17 (kafka.controller.KafkaController)
[2018-05-10 10:23:54,241] INFO [Controller 0]: Partitions undergoing preferred replica election:  (kafka.controller.KafkaController)
[2018-05-10 10:23:54,241] INFO [Controller 0]: Partitions that completed preferred replica election:  (kafka.controller.KafkaController)
[2018-05-10 10:23:54,242] INFO [Controller 0]: Resuming preferred replica election for partitions:  (kafka.controller.KafkaController)
[2018-05-10 10:23:54,245] INFO [Controller 0]: Partitions being reassigned: Map() (kafka.controller.KafkaController)
[2018-05-10 10:23:54,245] INFO [Controller 0]: Partitions already reassigned: List() (kafka.controller.KafkaController)
[2018-05-10 10:23:54,246] INFO [Controller 0]: Resuming reassignment of partitions: Map() (kafka.controller.KafkaController)
[2018-05-10 10:23:54,251] INFO [Controller 0]: List of topics to be deleted:  (kafka.controller.KafkaController)
[2018-05-10 10:23:54,251] INFO [Controller 0]: List of topics ineligible for deletion: example-for-report,test001,test002,test000 (kafka.controller.KafkaController)
[2018-05-10 10:23:54,254] INFO [Controller 0]: Currently active brokers in the cluster: Set() (kafka.controller.KafkaController)
[2018-05-10 10:23:54,254] INFO [Controller 0]: Currently shutting brokers in the cluster: Set() (kafka.controller.KafkaController)
[2018-05-10 10:23:54,254] INFO [Controller 0]: Current list of topics in the cluster: Set(test001, test000, example-for-report, test002) (kafka.controller.KafkaController)
[2018-05-10 10:23:54,259] INFO [Replica state machine on controller 0]: Started replica state machine with initial state -> Map([Topic=test000,Partition=0,Replica=1] -> ReplicaDeletionIneligible, [Topic=example-for-report,Partition=0,Replica=0] -> ReplicaDeletionIneligible, [Topic=test001,Partition=0,Replica=1] -> ReplicaDeletionIneligible, [Topic=example-for-report,Partition=0,Replica=1] -> ReplicaDeletionIneligible, [Topic=test001,Partition=0,Replica=0] -> ReplicaDeletionIneligible, [Topic=test002,Partition=1,Replica=0] -> ReplicaDeletionIneligible, [Topic=test002,Partition=0,Replica=1] -> ReplicaDeletionIneligible) (kafka.controller.ReplicaStateMachine)
[2018-05-10 10:23:54,279] DEBUG [OfflinePartitionLeaderSelector]: No broker in ISR is alive for [example-for-report,0]. Pick the leader from the alive assigned replicas:  (kafka.controller.OfflinePartitionLeaderSelector)
[2018-05-10 10:23:54,298] DEBUG [OfflinePartitionLeaderSelector]: No broker in ISR is alive for [test001,0]. Pick the leader from the alive assigned replicas:  (kafka.controller.OfflinePartitionLeaderSelector)
[2018-05-10 10:23:54,320] DEBUG [OfflinePartitionLeaderSelector]: No broker in ISR is alive for [test002,0]. Pick the leader from the alive assigned replicas:  (kafka.controller.OfflinePartitionLeaderSelector)
[2018-05-10 10:23:54,349] DEBUG [OfflinePartitionLeaderSelector]: No broker in ISR is alive for [test000,0]. Pick the leader from the alive assigned replicas:  (kafka.controller.OfflinePartitionLeaderSelector)
[2018-05-10 10:23:54,372] DEBUG [OfflinePartitionLeaderSelector]: No broker in ISR is alive for [test002,1]. Pick the leader from the alive assigned replicas:  (kafka.controller.OfflinePartitionLeaderSelector)
[2018-05-10 10:23:54,381] INFO [Partition state machine on Controller 0]: Started partition state machine with initial state -> Map([example-for-report,0] -> OfflinePartition, [test001,0] -> OfflinePartition, [test002,0] -> OfflinePartition, [test000,0] -> OfflinePartition, [test002,1] -> OfflinePartition) (kafka.controller.PartitionStateMachine)
[2018-05-10 10:23:54,395] INFO [Controller 0]: Broker 0 is ready to serve as the new controller with epoch 17 (kafka.controller.KafkaController)
[2018-05-10 10:23:54,395] INFO [Controller 0]: Starting preferred replica leader election for partitions  (kafka.controller.KafkaController)
[2018-05-10 10:23:54,400] INFO [Partition state machine on Controller 0]: Invoking state change to OnlinePartition for partitions  (kafka.controller.PartitionStateMachine)
[2018-05-10 10:23:54,412] INFO [Controller 0]: Controller startup complete (kafka.controller.KafkaController)
[2018-05-10 10:23:54,422] INFO [delete-topics-thread], Starting  (kafka.controller.TopicDeletionManager$DeleteTopicsThread)
[2018-05-10 10:23:54,432] INFO Waiting for signal to start or continue topic deletion (kafka.controller.TopicDeletionManager)
[2018-05-10 10:23:54,436] DEBUG [ControllerEpochListener on 0]: Controller epoch listener fired with new epoch 17 (kafka.controller.ControllerEpochListener)
[2018-05-10 10:23:54,438] INFO [ControllerEpochListener on 0]: Initialized controller epoch to 17 and zk version 16 (kafka.controller.ControllerEpochListener)
[2018-05-10 10:23:54,440] INFO [BrokerChangeListener on Controller 0]: Broker change listener fired for path /brokers/ids with children 1,0 (kafka.controller.ReplicaStateMachine$BrokerChangeListener)
[2018-05-10 10:23:54,551] INFO [BrokerChangeListener on Controller 0]: Newly added brokers: 1,0, deleted brokers: , all live brokers: 1,0 (kafka.controller.ReplicaStateMachine$BrokerChangeListener)
[2018-05-10 10:23:54,552] DEBUG [Channel manager on controller 0]: Controller 0 trying to connect to broker 1 (kafka.controller.ControllerChannelManager)
[2018-05-10 10:23:54,561] INFO [Controller-0-to-broker-1-send-thread], Controller 0 connected to id:1,host:ip-172-31-34-212.us-east-2.compute.internal,port:9091 for sending state change requests (kafka.controller.RequestSendThread)
[2018-05-10 10:23:54,561] DEBUG [Channel manager on controller 0]: Controller 0 trying to connect to broker 0 (kafka.controller.ControllerChannelManager)
[2018-05-10 10:23:54,562] INFO [Controller-0-to-broker-0-send-thread], Controller 0 connected to id:0,host:ip-172-31-34-212.us-east-2.compute.internal,port:9090 for sending state change requests (kafka.controller.RequestSendThread)
[2018-05-10 10:23:54,564] INFO [Controller-0-to-broker-1-send-thread], Starting  (kafka.controller.RequestSendThread)
[2018-05-10 10:23:54,565] INFO [Controller 0]: New broker startup callback for 1,0 (kafka.controller.KafkaController)
[2018-05-10 10:23:54,568] INFO [Controller-0-to-broker-0-send-thread], Starting  (kafka.controller.RequestSendThread)
[2018-05-10 10:23:54,595] INFO [Replica state machine on controller 0]: Invoking state change to OnlineReplica for replicas [Topic=test001,Partition=0,Replica=1],[Topic=test001,Partition=0,Replica=0],[Topic=test002,Partition=0,Replica=1],[Topic=test000,Partition=0,Replica=1],[Topic=test002,Partition=1,Replica=0],[Topic=example-for-report,Partition=0,Replica=0],[Topic=example-for-report,Partition=0,Replica=1] (kafka.controller.ReplicaStateMachine)
[2018-05-10 10:23:54,700] DEBUG [OfflinePartitionLeaderSelector]: Some broker in ISR is alive for [example-for-report,0]. Select 1 from ISR 1,0 to be the leader. (kafka.controller.OfflinePartitionLeaderSelector)
[2018-05-10 10:23:54,701] INFO [OfflinePartitionLeaderSelector]: Selected new leader and ISR {"leader":1,"leader_epoch":9,"isr":[1,0]} for offline partition [example-for-report,0] (kafka.controller.OfflinePartitionLeaderSelector)
[2018-05-10 10:23:54,719] DEBUG [Partition state machine on Controller 0]: After leader election, leader cache is updated to Map([example-for-report,0] -> (Leader:1,ISR:1,0,LeaderEpoch:9,ControllerEpoch:17), [test001,0] -> (Leader:1,ISR:1,0,LeaderEpoch:10,ControllerEpoch:16), [test002,0] -> (Leader:1,ISR:1,LeaderEpoch:7,ControllerEpoch:16), [test000,0] -> (Leader:1,ISR:1,LeaderEpoch:10,ControllerEpoch:16), [test002,1] -> (Leader:0,ISR:0,LeaderEpoch:7,ControllerEpoch:16)) (kafka.controller.PartitionStateMachine)
[2018-05-10 10:23:54,748] DEBUG [OfflinePartitionLeaderSelector]: Some broker in ISR is alive for [test001,0]. Select 1 from ISR 1,0 to be the leader. (kafka.controller.OfflinePartitionLeaderSelector)
[2018-05-10 10:23:54,749] INFO [OfflinePartitionLeaderSelector]: Selected new leader and ISR {"leader":1,"leader_epoch":11,"isr":[1,0]} for offline partition [test001,0] (kafka.controller.OfflinePartitionLeaderSelector)
[2018-05-10 10:23:54,753] DEBUG [Partition state machine on Controller 0]: After leader election, leader cache is updated to Map([example-for-report,0] -> (Leader:1,ISR:1,0,LeaderEpoch:9,ControllerEpoch:17), [test001,0] -> (Leader:1,ISR:1,0,LeaderEpoch:11,ControllerEpoch:17), [test002,0] -> (Leader:1,ISR:1,LeaderEpoch:7,ControllerEpoch:16), [test000,0] -> (Leader:1,ISR:1,LeaderEpoch:10,ControllerEpoch:16), [test002,1] -> (Leader:0,ISR:0,LeaderEpoch:7,ControllerEpoch:16)) (kafka.controller.PartitionStateMachine)
[2018-05-10 10:23:54,776] DEBUG [OfflinePartitionLeaderSelector]: Some broker in ISR is alive for [test002,0]. Select 1 from ISR 1 to be the leader. (kafka.controller.OfflinePartitionLeaderSelector)
[2018-05-10 10:23:54,776] INFO [OfflinePartitionLeaderSelector]: Selected new leader and ISR {"leader":1,"leader_epoch":8,"isr":[1]} for offline partition [test002,0] (kafka.controller.OfflinePartitionLeaderSelector)
[2018-05-10 10:23:54,780] DEBUG [Partition state machine on Controller 0]: After leader election, leader cache is updated to Map([example-for-report,0] -> (Leader:1,ISR:1,0,LeaderEpoch:9,ControllerEpoch:17), [test001,0] -> (Leader:1,ISR:1,0,LeaderEpoch:11,ControllerEpoch:17), [test002,0] -> (Leader:1,ISR:1,LeaderEpoch:8,ControllerEpoch:17), [test000,0] -> (Leader:1,ISR:1,LeaderEpoch:10,ControllerEpoch:16), [test002,1] -> (Leader:0,ISR:0,LeaderEpoch:7,ControllerEpoch:16)) (kafka.controller.PartitionStateMachine)
[2018-05-10 10:23:54,796] DEBUG [OfflinePartitionLeaderSelector]: Some broker in ISR is alive for [test000,0]. Select 1 from ISR 1 to be the leader. (kafka.controller.OfflinePartitionLeaderSelector)
[2018-05-10 10:23:54,796] INFO [OfflinePartitionLeaderSelector]: Selected new leader and ISR {"leader":1,"leader_epoch":11,"isr":[1]} for offline partition [test000,0] (kafka.controller.OfflinePartitionLeaderSelector)
[2018-05-10 10:23:54,799] DEBUG [Partition state machine on Controller 0]: After leader election, leader cache is updated to Map([example-for-report,0] -> (Leader:1,ISR:1,0,LeaderEpoch:9,ControllerEpoch:17), [test001,0] -> (Leader:1,ISR:1,0,LeaderEpoch:11,ControllerEpoch:17), [test002,0] -> (Leader:1,ISR:1,LeaderEpoch:8,ControllerEpoch:17), [test000,0] -> (Leader:1,ISR:1,LeaderEpoch:11,ControllerEpoch:17), [test002,1] -> (Leader:0,ISR:0,LeaderEpoch:7,ControllerEpoch:16)) (kafka.controller.PartitionStateMachine)
[2018-05-10 10:23:54,824] DEBUG [OfflinePartitionLeaderSelector]: Some broker in ISR is alive for [test002,1]. Select 0 from ISR 0 to be the leader. (kafka.controller.OfflinePartitionLeaderSelector)
[2018-05-10 10:23:54,825] INFO [OfflinePartitionLeaderSelector]: Selected new leader and ISR {"leader":0,"leader_epoch":8,"isr":[0]} for offline partition [test002,1] (kafka.controller.OfflinePartitionLeaderSelector)
[2018-05-10 10:23:54,829] DEBUG [Partition state machine on Controller 0]: After leader election, leader cache is updated to Map([example-for-report,0] -> (Leader:1,ISR:1,0,LeaderEpoch:9,ControllerEpoch:17), [test001,0] -> (Leader:1,ISR:1,0,LeaderEpoch:11,ControllerEpoch:17), [test002,0] -> (Leader:1,ISR:1,LeaderEpoch:8,ControllerEpoch:17), [test000,0] -> (Leader:1,ISR:1,LeaderEpoch:11,ControllerEpoch:17), [test002,1] -> (Leader:0,ISR:0,LeaderEpoch:8,ControllerEpoch:17)) (kafka.controller.PartitionStateMachine)
