[2018-05-10 10:12:34,410] INFO Verifying properties (kafka.utils.VerifiableProperties)
[2018-05-10 10:12:34,487] INFO Property broker.id is overridden to 0 (kafka.utils.VerifiableProperties)
[2018-05-10 10:12:34,490] WARN Property inter.broker.protocol.version is not valid (kafka.utils.VerifiableProperties)
[2018-05-10 10:12:34,491] INFO Property log.cleaner.enable is overridden to false (kafka.utils.VerifiableProperties)
[2018-05-10 10:12:34,491] INFO Property log.dirs is overridden to /tmp/kafka-logs-0 (kafka.utils.VerifiableProperties)
[2018-05-10 10:12:34,491] WARN Property log.message.format.version is not valid (kafka.utils.VerifiableProperties)
[2018-05-10 10:12:34,492] INFO Property log.retention.check.interval.ms is overridden to 60000 (kafka.utils.VerifiableProperties)
[2018-05-10 10:12:34,492] INFO Property log.retention.hours is overridden to 168 (kafka.utils.VerifiableProperties)
[2018-05-10 10:12:34,493] INFO Property log.segment.bytes is overridden to 536870912 (kafka.utils.VerifiableProperties)
[2018-05-10 10:12:34,493] INFO Property num.io.threads is overridden to 8 (kafka.utils.VerifiableProperties)
[2018-05-10 10:12:34,493] INFO Property num.network.threads is overridden to 2 (kafka.utils.VerifiableProperties)
[2018-05-10 10:12:34,494] INFO Property num.partitions is overridden to 2 (kafka.utils.VerifiableProperties)
[2018-05-10 10:12:34,494] INFO Property port is overridden to 9090 (kafka.utils.VerifiableProperties)
[2018-05-10 10:12:34,495] INFO Property socket.receive.buffer.bytes is overridden to 1048576 (kafka.utils.VerifiableProperties)
[2018-05-10 10:12:34,495] INFO Property socket.request.max.bytes is overridden to 104857600 (kafka.utils.VerifiableProperties)
[2018-05-10 10:12:34,495] INFO Property socket.send.buffer.bytes is overridden to 1048576 (kafka.utils.VerifiableProperties)
[2018-05-10 10:12:34,496] INFO Property zookeeper.connect is overridden to 172.31.34.212:2181 (kafka.utils.VerifiableProperties)
[2018-05-10 10:12:34,500] INFO Property zookeeper.connection.timeout.ms is overridden to 1000000 (kafka.utils.VerifiableProperties)
[2018-05-10 10:12:34,535] INFO [Kafka Server 0], starting (kafka.server.KafkaServer)
[2018-05-10 10:12:34,538] INFO [Kafka Server 0], Connecting to zookeeper on 172.31.34.212:2181 (kafka.server.KafkaServer)
[2018-05-10 10:12:35,179] INFO Loading log 'example-for-report-0' (kafka.log.LogManager)
[2018-05-10 10:12:35,220] INFO Recovering unflushed segment 0 in log example-for-report-0. (kafka.log.Log)
[2018-05-10 10:12:35,242] INFO Completed load of log example-for-report-0 with log end offset 5 (kafka.log.Log)
[2018-05-10 10:12:35,267] INFO Loading log 'test002-1' (kafka.log.LogManager)
[2018-05-10 10:12:35,269] INFO Recovering unflushed segment 0 in log test002-1. (kafka.log.Log)
[2018-05-10 10:12:35,272] INFO Completed load of log test002-1 with log end offset 12 (kafka.log.Log)
[2018-05-10 10:12:35,277] INFO Loading log 'test001-0' (kafka.log.LogManager)
[2018-05-10 10:12:35,285] INFO Recovering unflushed segment 0 in log test001-0. (kafka.log.Log)
[2018-05-10 10:12:35,289] INFO Completed load of log test001-0 with log end offset 4 (kafka.log.Log)
[2018-05-10 10:12:35,290] INFO Starting log cleanup with a period of 60000 ms. (kafka.log.LogManager)
[2018-05-10 10:12:35,297] INFO Starting log flusher with a default period of 9223372036854775807 ms. (kafka.log.LogManager)
[2018-05-10 10:12:35,329] INFO Awaiting socket connections on 0.0.0.0:9090. (kafka.network.Acceptor)
[2018-05-10 10:12:35,330] INFO [Socket Server on Broker 0], Started (kafka.network.SocketServer)
[2018-05-10 10:12:35,508] INFO Will not load MX4J, mx4j-tools.jar is not in the classpath (kafka.utils.Mx4jLoader$)
[2018-05-10 10:12:35,564] INFO conflict in /controller data: {"version":1,"brokerid":0,"timestamp":"1525947155513"} stored data: {"version":1,"brokerid":1,"timestamp":"1525943301012"} (kafka.utils.ZkUtils$)
[2018-05-10 10:12:35,644] INFO conflict in /brokers/ids/0 data: {"jmx_port":-1,"timestamp":"1525947155634","host":"ip-172-31-34-212.us-east-2.compute.internal","version":1,"port":9090} stored data: {"jmx_port":-1,"timestamp":"1525943301996","host":"ip-172-31-34-212.us-east-2.compute.internal","version":1,"port":9090} (kafka.utils.ZkUtils$)
[2018-05-10 10:12:35,673] INFO I wrote this conflicted ephemeral node [{"jmx_port":-1,"timestamp":"1525947155634","host":"ip-172-31-34-212.us-east-2.compute.internal","version":1,"port":9090}] at /brokers/ids/0 a while back in a different session, hence I will backoff for this node to be deleted by Zookeeper and retry (kafka.utils.ZkUtils$)
[2018-05-10 10:12:41,676] INFO conflict in /brokers/ids/0 data: {"jmx_port":-1,"timestamp":"1525947155634","host":"ip-172-31-34-212.us-east-2.compute.internal","version":1,"port":9090} stored data: {"jmx_port":-1,"timestamp":"1525943301996","host":"ip-172-31-34-212.us-east-2.compute.internal","version":1,"port":9090} (kafka.utils.ZkUtils$)
[2018-05-10 10:12:41,701] INFO I wrote this conflicted ephemeral node [{"jmx_port":-1,"timestamp":"1525947155634","host":"ip-172-31-34-212.us-east-2.compute.internal","version":1,"port":9090}] at /brokers/ids/0 a while back in a different session, hence I will backoff for this node to be deleted by Zookeeper and retry (kafka.utils.ZkUtils$)
[2018-05-10 10:12:42,012] INFO 0 successfully elected as leader (kafka.server.ZookeeperLeaderElector)
[2018-05-10 10:12:42,404] INFO New leader is 0 (kafka.server.ZookeeperLeaderElector$LeaderChangeListener)
[2018-05-10 10:12:47,703] INFO Registered broker 0 at path /brokers/ids/0 with address ip-172-31-34-212.us-east-2.compute.internal:9090. (kafka.utils.ZkUtils$)
[2018-05-10 10:12:47,725] INFO [Kafka Server 0], started (kafka.server.KafkaServer)
[2018-05-10 10:12:48,236] INFO [ReplicaFetcherManager on broker 0] Removed fetcher for partitions [test002,1] (kafka.server.ReplicaFetcherManager)
[2018-05-10 10:12:48,256] INFO [ReplicaFetcherManager on broker 0] Removed fetcher for partitions [example-for-report,0],[test001,0] (kafka.server.ReplicaFetcherManager)
[2018-05-10 10:12:48,259] INFO Truncating log example-for-report-0 to offset 5. (kafka.log.Log)
[2018-05-10 10:12:48,260] INFO Truncating log test001-0 to offset 4. (kafka.log.Log)
[2018-05-10 10:12:48,287] INFO [ReplicaFetcherManager on broker 0] Added fetcher for partitions ArrayBuffer([[example-for-report,0], initOffset 5 to broker id:1,host:ip-172-31-34-212.us-east-2.compute.internal,port:9091] , [[test001,0], initOffset 4 to broker id:1,host:ip-172-31-34-212.us-east-2.compute.internal,port:9091] ) (kafka.server.ReplicaFetcherManager)
[2018-05-10 10:12:48,300] INFO [ReplicaFetcherThread-0-1], Starting  (kafka.server.ReplicaFetcherThread)
[2018-05-10 10:12:48,329] INFO [ReplicaFetcherManager on broker 0] Removed fetcher for partitions [test002,1] (kafka.server.ReplicaFetcherManager)
[2018-05-10 10:20:44,382] INFO Verifying properties (kafka.utils.VerifiableProperties)
[2018-05-10 10:20:44,458] INFO Property broker.id is overridden to 0 (kafka.utils.VerifiableProperties)
[2018-05-10 10:20:44,464] WARN Property inter.broker.protocol.version is not valid (kafka.utils.VerifiableProperties)
[2018-05-10 10:20:44,465] INFO Property log.cleaner.enable is overridden to false (kafka.utils.VerifiableProperties)
[2018-05-10 10:20:44,465] INFO Property log.dirs is overridden to /tmp/kafka-logs-0 (kafka.utils.VerifiableProperties)
[2018-05-10 10:20:44,465] WARN Property log.message.format.version is not valid (kafka.utils.VerifiableProperties)
[2018-05-10 10:20:44,465] INFO Property log.retention.check.interval.ms is overridden to 60000 (kafka.utils.VerifiableProperties)
[2018-05-10 10:20:44,465] INFO Property log.retention.hours is overridden to 168 (kafka.utils.VerifiableProperties)
[2018-05-10 10:20:44,465] INFO Property log.segment.bytes is overridden to 536870912 (kafka.utils.VerifiableProperties)
[2018-05-10 10:20:44,466] INFO Property num.io.threads is overridden to 8 (kafka.utils.VerifiableProperties)
[2018-05-10 10:20:44,466] INFO Property num.network.threads is overridden to 2 (kafka.utils.VerifiableProperties)
[2018-05-10 10:20:44,466] INFO Property num.partitions is overridden to 2 (kafka.utils.VerifiableProperties)
[2018-05-10 10:20:44,466] INFO Property port is overridden to 9090 (kafka.utils.VerifiableProperties)
[2018-05-10 10:20:44,466] INFO Property socket.receive.buffer.bytes is overridden to 1048576 (kafka.utils.VerifiableProperties)
[2018-05-10 10:20:44,467] INFO Property socket.request.max.bytes is overridden to 104857600 (kafka.utils.VerifiableProperties)
[2018-05-10 10:20:44,467] INFO Property socket.send.buffer.bytes is overridden to 1048576 (kafka.utils.VerifiableProperties)
[2018-05-10 10:20:44,467] INFO Property zookeeper.connect is overridden to 172.31.34.212:2181 (kafka.utils.VerifiableProperties)
[2018-05-10 10:20:44,467] INFO Property zookeeper.connection.timeout.ms is overridden to 1000000 (kafka.utils.VerifiableProperties)
[2018-05-10 10:20:44,493] INFO [Kafka Server 0], starting (kafka.server.KafkaServer)
[2018-05-10 10:20:44,501] INFO [Kafka Server 0], Connecting to zookeeper on 172.31.34.212:2181 (kafka.server.KafkaServer)
[2018-05-10 10:20:45,137] INFO Loading log 'example-for-report-0' (kafka.log.LogManager)
[2018-05-10 10:20:45,175] INFO Recovering unflushed segment 0 in log example-for-report-0. (kafka.log.Log)
[2018-05-10 10:20:45,195] INFO Completed load of log example-for-report-0 with log end offset 5 (kafka.log.Log)
[2018-05-10 10:20:45,224] INFO Loading log 'test002-1' (kafka.log.LogManager)
[2018-05-10 10:20:45,226] INFO Recovering unflushed segment 0 in log test002-1. (kafka.log.Log)
[2018-05-10 10:20:45,229] INFO Completed load of log test002-1 with log end offset 12 (kafka.log.Log)
[2018-05-10 10:20:45,236] INFO Loading log 'test001-0' (kafka.log.LogManager)
[2018-05-10 10:20:45,241] INFO Recovering unflushed segment 0 in log test001-0. (kafka.log.Log)
[2018-05-10 10:20:45,242] INFO Completed load of log test001-0 with log end offset 4 (kafka.log.Log)
[2018-05-10 10:20:45,242] INFO Starting log cleanup with a period of 60000 ms. (kafka.log.LogManager)
[2018-05-10 10:20:45,252] INFO Starting log flusher with a default period of 9223372036854775807 ms. (kafka.log.LogManager)
[2018-05-10 10:20:45,286] INFO Awaiting socket connections on 0.0.0.0:9090. (kafka.network.Acceptor)
[2018-05-10 10:20:45,287] INFO [Socket Server on Broker 0], Started (kafka.network.SocketServer)
[2018-05-10 10:20:45,473] INFO Will not load MX4J, mx4j-tools.jar is not in the classpath (kafka.utils.Mx4jLoader$)
[2018-05-10 10:20:45,493] INFO 0 successfully elected as leader (kafka.server.ZookeeperLeaderElector)
[2018-05-10 10:20:45,973] INFO New leader is 0 (kafka.server.ZookeeperLeaderElector$LeaderChangeListener)
[2018-05-10 10:20:45,985] INFO Registered broker 0 at path /brokers/ids/0 with address ip-172-31-34-212.us-east-2.compute.internal:9090. (kafka.utils.ZkUtils$)
[2018-05-10 10:20:46,019] INFO [Kafka Server 0], started (kafka.server.KafkaServer)
[2018-05-10 10:20:46,363] INFO [ReplicaFetcherManager on broker 0] Removed fetcher for partitions [test002,1] (kafka.server.ReplicaFetcherManager)
[2018-05-10 10:20:46,489] INFO [ReplicaFetcherManager on broker 0] Removed fetcher for partitions [example-for-report,0],[test001,0] (kafka.server.ReplicaFetcherManager)
[2018-05-10 10:20:46,499] INFO Truncating log example-for-report-0 to offset 5. (kafka.log.Log)
[2018-05-10 10:20:46,500] INFO Truncating log test001-0 to offset 4. (kafka.log.Log)
[2018-05-10 10:20:46,648] INFO [ReplicaFetcherThread-0-1], Starting  (kafka.server.ReplicaFetcherThread)
[2018-05-10 10:20:46,650] INFO [ReplicaFetcherManager on broker 0] Added fetcher for partitions ArrayBuffer([[example-for-report,0], initOffset 5 to broker id:1,host:ip-172-31-34-212.us-east-2.compute.internal,port:9091] , [[test001,0], initOffset 4 to broker id:1,host:ip-172-31-34-212.us-east-2.compute.internal,port:9091] ) (kafka.server.ReplicaFetcherManager)
[2018-05-10 10:20:46,698] INFO [ReplicaFetcherManager on broker 0] Removed fetcher for partitions [test002,1] (kafka.server.ReplicaFetcherManager)
[2018-05-10 10:20:46,700] INFO [ReplicaFetcherManager on broker 0] Removed fetcher for partitions [example-for-report,0],[test001,0] (kafka.server.ReplicaFetcherManager)
[2018-05-10 10:20:46,701] INFO Truncating log example-for-report-0 to offset 5. (kafka.log.Log)
[2018-05-10 10:20:46,701] INFO Truncating log test001-0 to offset 4. (kafka.log.Log)
[2018-05-10 10:20:46,715] INFO [ReplicaFetcherManager on broker 0] Added fetcher for partitions ArrayBuffer([[example-for-report,0], initOffset 5 to broker id:1,host:ip-172-31-34-212.us-east-2.compute.internal,port:9091] , [[test001,0], initOffset 4 to broker id:1,host:ip-172-31-34-212.us-east-2.compute.internal,port:9091] ) (kafka.server.ReplicaFetcherManager)
[2018-05-10 10:22:00,505] ERROR Closing socket for /172.31.34.212 because of error (kafka.network.Processor)
kafka.common.KafkaException: Wrong request type 18
	at kafka.api.RequestKeys$.deserializerForKey(RequestKeys.scala:57)
	at kafka.network.RequestChannel$Request.<init>(RequestChannel.scala:50)
	at kafka.network.Processor.read(SocketServer.scala:353)
	at kafka.network.Processor.run(SocketServer.scala:245)
	at java.lang.Thread.run(Thread.java:748)
[2018-05-10 10:22:01,578] ERROR Closing socket for /172.31.34.212 because of error (kafka.network.Processor)
kafka.common.KafkaException: Wrong request type 18
	at kafka.api.RequestKeys$.deserializerForKey(RequestKeys.scala:57)
	at kafka.network.RequestChannel$Request.<init>(RequestChannel.scala:50)
	at kafka.network.Processor.read(SocketServer.scala:353)
	at kafka.network.Processor.run(SocketServer.scala:245)
	at java.lang.Thread.run(Thread.java:748)
[2018-05-10 10:22:16,522] INFO Closing socket connection to /172.31.34.212. (kafka.network.Processor)
[2018-05-10 10:22:16,522] INFO Closing socket connection to /172.31.34.212. (kafka.network.Processor)
[2018-05-10 10:23:52,830] INFO Verifying properties (kafka.utils.VerifiableProperties)
[2018-05-10 10:23:52,908] INFO Property broker.id is overridden to 0 (kafka.utils.VerifiableProperties)
[2018-05-10 10:23:52,912] WARN Property inter.broker.protocol.version is not valid (kafka.utils.VerifiableProperties)
[2018-05-10 10:23:52,913] INFO Property log.cleaner.enable is overridden to false (kafka.utils.VerifiableProperties)
[2018-05-10 10:23:52,913] INFO Property log.dirs is overridden to /tmp/kafka-logs-0 (kafka.utils.VerifiableProperties)
[2018-05-10 10:23:52,913] WARN Property log.message.format.version is not valid (kafka.utils.VerifiableProperties)
[2018-05-10 10:23:52,913] INFO Property log.retention.check.interval.ms is overridden to 60000 (kafka.utils.VerifiableProperties)
[2018-05-10 10:23:52,913] INFO Property log.retention.hours is overridden to 168 (kafka.utils.VerifiableProperties)
[2018-05-10 10:23:52,915] INFO Property log.segment.bytes is overridden to 536870912 (kafka.utils.VerifiableProperties)
[2018-05-10 10:23:52,915] INFO Property num.io.threads is overridden to 8 (kafka.utils.VerifiableProperties)
[2018-05-10 10:23:52,915] INFO Property num.network.threads is overridden to 2 (kafka.utils.VerifiableProperties)
[2018-05-10 10:23:52,915] INFO Property num.partitions is overridden to 2 (kafka.utils.VerifiableProperties)
[2018-05-10 10:23:52,916] INFO Property port is overridden to 9090 (kafka.utils.VerifiableProperties)
[2018-05-10 10:23:52,916] INFO Property socket.receive.buffer.bytes is overridden to 1048576 (kafka.utils.VerifiableProperties)
[2018-05-10 10:23:52,916] INFO Property socket.request.max.bytes is overridden to 104857600 (kafka.utils.VerifiableProperties)
[2018-05-10 10:23:52,917] INFO Property socket.send.buffer.bytes is overridden to 1048576 (kafka.utils.VerifiableProperties)
[2018-05-10 10:23:52,917] INFO Property zookeeper.connect is overridden to 172.31.34.212:2181 (kafka.utils.VerifiableProperties)
[2018-05-10 10:23:52,917] INFO Property zookeeper.connection.timeout.ms is overridden to 1000000 (kafka.utils.VerifiableProperties)
[2018-05-10 10:23:52,943] INFO [Kafka Server 0], starting (kafka.server.KafkaServer)
[2018-05-10 10:23:52,949] INFO [Kafka Server 0], Connecting to zookeeper on 172.31.34.212:2181 (kafka.server.KafkaServer)
[2018-05-10 10:23:53,590] INFO Loading log 'example-for-report-0' (kafka.log.LogManager)
[2018-05-10 10:23:53,632] INFO Recovering unflushed segment 0 in log example-for-report-0. (kafka.log.Log)
[2018-05-10 10:23:53,651] INFO Completed load of log example-for-report-0 with log end offset 5 (kafka.log.Log)
[2018-05-10 10:23:53,681] INFO Loading log 'test002-1' (kafka.log.LogManager)
[2018-05-10 10:23:53,682] INFO Recovering unflushed segment 0 in log test002-1. (kafka.log.Log)
[2018-05-10 10:23:53,685] INFO Completed load of log test002-1 with log end offset 12 (kafka.log.Log)
[2018-05-10 10:23:53,691] INFO Loading log 'test001-0' (kafka.log.LogManager)
[2018-05-10 10:23:53,693] INFO Recovering unflushed segment 0 in log test001-0. (kafka.log.Log)
[2018-05-10 10:23:53,695] INFO Completed load of log test001-0 with log end offset 4 (kafka.log.Log)
[2018-05-10 10:23:53,696] INFO Starting log cleanup with a period of 60000 ms. (kafka.log.LogManager)
[2018-05-10 10:23:53,708] INFO Starting log flusher with a default period of 9223372036854775807 ms. (kafka.log.LogManager)
[2018-05-10 10:23:53,742] INFO Awaiting socket connections on 0.0.0.0:9090. (kafka.network.Acceptor)
[2018-05-10 10:23:53,743] INFO [Socket Server on Broker 0], Started (kafka.network.SocketServer)
[2018-05-10 10:23:53,920] INFO Will not load MX4J, mx4j-tools.jar is not in the classpath (kafka.utils.Mx4jLoader$)
[2018-05-10 10:23:53,944] INFO 0 successfully elected as leader (kafka.server.ZookeeperLeaderElector)
[2018-05-10 10:23:54,422] INFO New leader is 0 (kafka.server.ZookeeperLeaderElector$LeaderChangeListener)
[2018-05-10 10:23:54,438] INFO Registered broker 0 at path /brokers/ids/0 with address ip-172-31-34-212.us-east-2.compute.internal:9090. (kafka.utils.ZkUtils$)
[2018-05-10 10:23:54,468] INFO [Kafka Server 0], started (kafka.server.KafkaServer)
[2018-05-10 10:23:54,794] INFO [ReplicaFetcherManager on broker 0] Removed fetcher for partitions [test002,1] (kafka.server.ReplicaFetcherManager)
[2018-05-10 10:23:54,929] INFO [ReplicaFetcherManager on broker 0] Removed fetcher for partitions [example-for-report,0],[test001,0] (kafka.server.ReplicaFetcherManager)
[2018-05-10 10:23:54,931] INFO Truncating log example-for-report-0 to offset 5. (kafka.log.Log)
[2018-05-10 10:23:54,940] INFO Truncating log test001-0 to offset 4. (kafka.log.Log)
[2018-05-10 10:23:55,030] INFO [ReplicaFetcherManager on broker 0] Added fetcher for partitions ArrayBuffer([[example-for-report,0], initOffset 5 to broker id:1,host:ip-172-31-34-212.us-east-2.compute.internal,port:9091] , [[test001,0], initOffset 4 to broker id:1,host:ip-172-31-34-212.us-east-2.compute.internal,port:9091] ) (kafka.server.ReplicaFetcherManager)
[2018-05-10 10:23:55,030] INFO [ReplicaFetcherThread-0-1], Starting  (kafka.server.ReplicaFetcherThread)
[2018-05-10 10:23:55,064] INFO [ReplicaFetcherManager on broker 0] Removed fetcher for partitions [test002,1] (kafka.server.ReplicaFetcherManager)
[2018-05-10 10:23:55,066] INFO [ReplicaFetcherManager on broker 0] Removed fetcher for partitions [example-for-report,0],[test001,0] (kafka.server.ReplicaFetcherManager)
[2018-05-10 10:23:55,066] INFO Truncating log example-for-report-0 to offset 5. (kafka.log.Log)
[2018-05-10 10:23:55,078] INFO Truncating log test001-0 to offset 4. (kafka.log.Log)
[2018-05-10 10:23:55,098] INFO [ReplicaFetcherManager on broker 0] Added fetcher for partitions ArrayBuffer([[example-for-report,0], initOffset 5 to broker id:1,host:ip-172-31-34-212.us-east-2.compute.internal,port:9091] , [[test001,0], initOffset 4 to broker id:1,host:ip-172-31-34-212.us-east-2.compute.internal,port:9091] ) (kafka.server.ReplicaFetcherManager)
[2018-05-10 10:24:32,609] ERROR Closing socket for /172.31.34.212 because of error (kafka.network.Processor)
kafka.common.KafkaException: Wrong request type 18
	at kafka.api.RequestKeys$.deserializerForKey(RequestKeys.scala:57)
	at kafka.network.RequestChannel$Request.<init>(RequestChannel.scala:50)
	at kafka.network.Processor.read(SocketServer.scala:353)
	at kafka.network.Processor.run(SocketServer.scala:245)
	at java.lang.Thread.run(Thread.java:748)
[2018-05-10 10:24:33,646] ERROR Closing socket for /172.31.34.212 because of error (kafka.network.Processor)
kafka.common.KafkaException: Wrong request type 18
	at kafka.api.RequestKeys$.deserializerForKey(RequestKeys.scala:57)
	at kafka.network.RequestChannel$Request.<init>(RequestChannel.scala:50)
	at kafka.network.Processor.read(SocketServer.scala:353)
	at kafka.network.Processor.run(SocketServer.scala:245)
	at java.lang.Thread.run(Thread.java:748)
[2018-05-10 10:25:00,733] ERROR Closing socket for /172.31.34.212 because of error (kafka.network.Processor)
kafka.common.KafkaException: Wrong request type 18
	at kafka.api.RequestKeys$.deserializerForKey(RequestKeys.scala:57)
	at kafka.network.RequestChannel$Request.<init>(RequestChannel.scala:50)
	at kafka.network.Processor.read(SocketServer.scala:353)
	at kafka.network.Processor.run(SocketServer.scala:245)
	at java.lang.Thread.run(Thread.java:748)
[2018-05-10 10:25:01,763] ERROR Closing socket for /172.31.34.212 because of error (kafka.network.Processor)
kafka.common.KafkaException: Wrong request type 18
	at kafka.api.RequestKeys$.deserializerForKey(RequestKeys.scala:57)
	at kafka.network.RequestChannel$Request.<init>(RequestChannel.scala:50)
	at kafka.network.Processor.read(SocketServer.scala:353)
	at kafka.network.Processor.run(SocketServer.scala:245)
	at java.lang.Thread.run(Thread.java:748)
[2018-05-10 10:25:02,443] ERROR Closing socket for /172.31.34.212 because of error (kafka.network.Processor)
kafka.common.KafkaException: Wrong request type 10
	at kafka.api.RequestKeys$.deserializerForKey(RequestKeys.scala:57)
	at kafka.network.RequestChannel$Request.<init>(RequestChannel.scala:50)
	at kafka.network.Processor.read(SocketServer.scala:353)
	at kafka.network.Processor.run(SocketServer.scala:245)
	at java.lang.Thread.run(Thread.java:748)
[2018-05-10 10:25:02,704] INFO Closing socket connection to /172.31.34.212. (kafka.network.Processor)
[2018-05-10 10:25:02,705] INFO Closing socket connection to /172.31.34.212. (kafka.network.Processor)
[2018-05-10 10:25:05,731] ERROR Closing socket for /172.31.34.212 because of error (kafka.network.Processor)
kafka.common.KafkaException: Wrong request type 10
	at kafka.api.RequestKeys$.deserializerForKey(RequestKeys.scala:57)
	at kafka.network.RequestChannel$Request.<init>(RequestChannel.scala:50)
	at kafka.network.Processor.read(SocketServer.scala:353)
	at kafka.network.Processor.run(SocketServer.scala:245)
	at java.lang.Thread.run(Thread.java:748)
[2018-05-10 10:25:06,741] ERROR Closing socket for /172.31.34.212 because of error (kafka.network.Processor)
kafka.common.KafkaException: Wrong request type 10
	at kafka.api.RequestKeys$.deserializerForKey(RequestKeys.scala:57)
	at kafka.network.RequestChannel$Request.<init>(RequestChannel.scala:50)
	at kafka.network.Processor.read(SocketServer.scala:353)
	at kafka.network.Processor.run(SocketServer.scala:245)
	at java.lang.Thread.run(Thread.java:748)
[2018-05-10 10:25:09,741] ERROR Closing socket for /172.31.34.212 because of error (kafka.network.Processor)
kafka.common.KafkaException: Wrong request type 10
	at kafka.api.RequestKeys$.deserializerForKey(RequestKeys.scala:57)
	at kafka.network.RequestChannel$Request.<init>(RequestChannel.scala:50)
	at kafka.network.Processor.read(SocketServer.scala:353)
	at kafka.network.Processor.run(SocketServer.scala:245)
	at java.lang.Thread.run(Thread.java:748)
[2018-05-10 10:25:10,730] ERROR Closing socket for /172.31.34.212 because of error (kafka.network.Processor)
kafka.common.KafkaException: Wrong request type 10
	at kafka.api.RequestKeys$.deserializerForKey(RequestKeys.scala:57)
	at kafka.network.RequestChannel$Request.<init>(RequestChannel.scala:50)
	at kafka.network.Processor.read(SocketServer.scala:353)
	at kafka.network.Processor.run(SocketServer.scala:245)
	at java.lang.Thread.run(Thread.java:748)
[2018-05-10 10:25:11,741] ERROR Closing socket for /172.31.34.212 because of error (kafka.network.Processor)
kafka.common.KafkaException: Wrong request type 10
	at kafka.api.RequestKeys$.deserializerForKey(RequestKeys.scala:57)
	at kafka.network.RequestChannel$Request.<init>(RequestChannel.scala:50)
	at kafka.network.Processor.read(SocketServer.scala:353)
	at kafka.network.Processor.run(SocketServer.scala:245)
	at java.lang.Thread.run(Thread.java:748)
[2018-05-10 10:25:12,741] ERROR Closing socket for /172.31.34.212 because of error (kafka.network.Processor)
kafka.common.KafkaException: Wrong request type 10
	at kafka.api.RequestKeys$.deserializerForKey(RequestKeys.scala:57)
	at kafka.network.RequestChannel$Request.<init>(RequestChannel.scala:50)
	at kafka.network.Processor.read(SocketServer.scala:353)
	at kafka.network.Processor.run(SocketServer.scala:245)
	at java.lang.Thread.run(Thread.java:748)
[2018-05-10 10:25:14,741] ERROR Closing socket for /172.31.34.212 because of error (kafka.network.Processor)
kafka.common.KafkaException: Wrong request type 10
	at kafka.api.RequestKeys$.deserializerForKey(RequestKeys.scala:57)
	at kafka.network.RequestChannel$Request.<init>(RequestChannel.scala:50)
	at kafka.network.Processor.read(SocketServer.scala:353)
	at kafka.network.Processor.run(SocketServer.scala:245)
	at java.lang.Thread.run(Thread.java:748)
[2018-05-10 10:25:16,741] ERROR Closing socket for /172.31.34.212 because of error (kafka.network.Processor)
kafka.common.KafkaException: Wrong request type 10
	at kafka.api.RequestKeys$.deserializerForKey(RequestKeys.scala:57)
	at kafka.network.RequestChannel$Request.<init>(RequestChannel.scala:50)
	at kafka.network.Processor.read(SocketServer.scala:353)
	at kafka.network.Processor.run(SocketServer.scala:245)
	at java.lang.Thread.run(Thread.java:748)
[2018-05-10 10:25:19,741] ERROR Closing socket for /172.31.34.212 because of error (kafka.network.Processor)
kafka.common.KafkaException: Wrong request type 10
	at kafka.api.RequestKeys$.deserializerForKey(RequestKeys.scala:57)
	at kafka.network.RequestChannel$Request.<init>(RequestChannel.scala:50)
	at kafka.network.Processor.read(SocketServer.scala:353)
	at kafka.network.Processor.run(SocketServer.scala:245)
	at java.lang.Thread.run(Thread.java:748)
[2018-05-10 10:25:23,741] ERROR Closing socket for /172.31.34.212 because of error (kafka.network.Processor)
kafka.common.KafkaException: Wrong request type 10
	at kafka.api.RequestKeys$.deserializerForKey(RequestKeys.scala:57)
	at kafka.network.RequestChannel$Request.<init>(RequestChannel.scala:50)
	at kafka.network.Processor.read(SocketServer.scala:353)
	at kafka.network.Processor.run(SocketServer.scala:245)
	at java.lang.Thread.run(Thread.java:748)
[2018-05-10 10:25:24,741] ERROR Closing socket for /172.31.34.212 because of error (kafka.network.Processor)
kafka.common.KafkaException: Wrong request type 10
	at kafka.api.RequestKeys$.deserializerForKey(RequestKeys.scala:57)
	at kafka.network.RequestChannel$Request.<init>(RequestChannel.scala:50)
	at kafka.network.Processor.read(SocketServer.scala:353)
	at kafka.network.Processor.run(SocketServer.scala:245)
	at java.lang.Thread.run(Thread.java:748)
[2018-05-10 10:25:25,730] ERROR Closing socket for /172.31.34.212 because of error (kafka.network.Processor)
kafka.common.KafkaException: Wrong request type 10
	at kafka.api.RequestKeys$.deserializerForKey(RequestKeys.scala:57)
	at kafka.network.RequestChannel$Request.<init>(RequestChannel.scala:50)
	at kafka.network.Processor.read(SocketServer.scala:353)
	at kafka.network.Processor.run(SocketServer.scala:245)
	at java.lang.Thread.run(Thread.java:748)
[2018-05-10 10:25:32,741] ERROR Closing socket for /172.31.34.212 because of error (kafka.network.Processor)
kafka.common.KafkaException: Wrong request type 10
	at kafka.api.RequestKeys$.deserializerForKey(RequestKeys.scala:57)
	at kafka.network.RequestChannel$Request.<init>(RequestChannel.scala:50)
	at kafka.network.Processor.read(SocketServer.scala:353)
	at kafka.network.Processor.run(SocketServer.scala:245)
	at java.lang.Thread.run(Thread.java:748)
[2018-05-10 10:25:34,741] ERROR Closing socket for /172.31.34.212 because of error (kafka.network.Processor)
kafka.common.KafkaException: Wrong request type 10
	at kafka.api.RequestKeys$.deserializerForKey(RequestKeys.scala:57)
	at kafka.network.RequestChannel$Request.<init>(RequestChannel.scala:50)
	at kafka.network.Processor.read(SocketServer.scala:353)
	at kafka.network.Processor.run(SocketServer.scala:245)
	at java.lang.Thread.run(Thread.java:748)
[2018-05-10 10:25:36,741] ERROR Closing socket for /172.31.34.212 because of error (kafka.network.Processor)
kafka.common.KafkaException: Wrong request type 10
	at kafka.api.RequestKeys$.deserializerForKey(RequestKeys.scala:57)
	at kafka.network.RequestChannel$Request.<init>(RequestChannel.scala:50)
	at kafka.network.Processor.read(SocketServer.scala:353)
	at kafka.network.Processor.run(SocketServer.scala:245)
	at java.lang.Thread.run(Thread.java:748)
[2018-05-10 10:25:38,741] ERROR Closing socket for /172.31.34.212 because of error (kafka.network.Processor)
kafka.common.KafkaException: Wrong request type 10
	at kafka.api.RequestKeys$.deserializerForKey(RequestKeys.scala:57)
	at kafka.network.RequestChannel$Request.<init>(RequestChannel.scala:50)
	at kafka.network.Processor.read(SocketServer.scala:353)
	at kafka.network.Processor.run(SocketServer.scala:245)
	at java.lang.Thread.run(Thread.java:748)
[2018-05-10 10:25:40,731] ERROR Closing socket for /172.31.34.212 because of error (kafka.network.Processor)
kafka.common.KafkaException: Wrong request type 10
	at kafka.api.RequestKeys$.deserializerForKey(RequestKeys.scala:57)
	at kafka.network.RequestChannel$Request.<init>(RequestChannel.scala:50)
	at kafka.network.Processor.read(SocketServer.scala:353)
	at kafka.network.Processor.run(SocketServer.scala:245)
	at java.lang.Thread.run(Thread.java:748)
[2018-05-10 10:25:43,741] ERROR Closing socket for /172.31.34.212 because of error (kafka.network.Processor)
kafka.common.KafkaException: Wrong request type 10
	at kafka.api.RequestKeys$.deserializerForKey(RequestKeys.scala:57)
	at kafka.network.RequestChannel$Request.<init>(RequestChannel.scala:50)
	at kafka.network.Processor.read(SocketServer.scala:353)
	at kafka.network.Processor.run(SocketServer.scala:245)
	at java.lang.Thread.run(Thread.java:748)
[2018-05-10 10:25:45,731] ERROR Closing socket for /172.31.34.212 because of error (kafka.network.Processor)
kafka.common.KafkaException: Wrong request type 10
	at kafka.api.RequestKeys$.deserializerForKey(RequestKeys.scala:57)
	at kafka.network.RequestChannel$Request.<init>(RequestChannel.scala:50)
	at kafka.network.Processor.read(SocketServer.scala:353)
	at kafka.network.Processor.run(SocketServer.scala:245)
	at java.lang.Thread.run(Thread.java:748)
[2018-05-10 10:25:49,741] ERROR Closing socket for /172.31.34.212 because of error (kafka.network.Processor)
kafka.common.KafkaException: Wrong request type 10
	at kafka.api.RequestKeys$.deserializerForKey(RequestKeys.scala:57)
	at kafka.network.RequestChannel$Request.<init>(RequestChannel.scala:50)
	at kafka.network.Processor.read(SocketServer.scala:353)
	at kafka.network.Processor.run(SocketServer.scala:245)
	at java.lang.Thread.run(Thread.java:748)
[2018-05-10 10:25:50,731] ERROR Closing socket for /172.31.34.212 because of error (kafka.network.Processor)
kafka.common.KafkaException: Wrong request type 10
	at kafka.api.RequestKeys$.deserializerForKey(RequestKeys.scala:57)
	at kafka.network.RequestChannel$Request.<init>(RequestChannel.scala:50)
	at kafka.network.Processor.read(SocketServer.scala:353)
	at kafka.network.Processor.run(SocketServer.scala:245)
	at java.lang.Thread.run(Thread.java:748)
[2018-05-10 10:25:51,741] ERROR Closing socket for /172.31.34.212 because of error (kafka.network.Processor)
kafka.common.KafkaException: Wrong request type 10
	at kafka.api.RequestKeys$.deserializerForKey(RequestKeys.scala:57)
	at kafka.network.RequestChannel$Request.<init>(RequestChannel.scala:50)
	at kafka.network.Processor.read(SocketServer.scala:353)
	at kafka.network.Processor.run(SocketServer.scala:245)
	at java.lang.Thread.run(Thread.java:748)
[2018-05-10 10:25:53,741] ERROR Closing socket for /172.31.34.212 because of error (kafka.network.Processor)
kafka.common.KafkaException: Wrong request type 10
	at kafka.api.RequestKeys$.deserializerForKey(RequestKeys.scala:57)
	at kafka.network.RequestChannel$Request.<init>(RequestChannel.scala:50)
	at kafka.network.Processor.read(SocketServer.scala:353)
	at kafka.network.Processor.run(SocketServer.scala:245)
	at java.lang.Thread.run(Thread.java:748)
[2018-05-10 10:25:55,731] ERROR Closing socket for /172.31.34.212 because of error (kafka.network.Processor)
kafka.common.KafkaException: Wrong request type 10
	at kafka.api.RequestKeys$.deserializerForKey(RequestKeys.scala:57)
	at kafka.network.RequestChannel$Request.<init>(RequestChannel.scala:50)
	at kafka.network.Processor.read(SocketServer.scala:353)
	at kafka.network.Processor.run(SocketServer.scala:245)
	at java.lang.Thread.run(Thread.java:748)
[2018-05-10 10:25:57,741] ERROR Closing socket for /172.31.34.212 because of error (kafka.network.Processor)
kafka.common.KafkaException: Wrong request type 10
	at kafka.api.RequestKeys$.deserializerForKey(RequestKeys.scala:57)
	at kafka.network.RequestChannel$Request.<init>(RequestChannel.scala:50)
	at kafka.network.Processor.read(SocketServer.scala:353)
	at kafka.network.Processor.run(SocketServer.scala:245)
	at java.lang.Thread.run(Thread.java:748)
[2018-05-10 10:25:59,741] ERROR Closing socket for /172.31.34.212 because of error (kafka.network.Processor)
kafka.common.KafkaException: Wrong request type 10
	at kafka.api.RequestKeys$.deserializerForKey(RequestKeys.scala:57)
	at kafka.network.RequestChannel$Request.<init>(RequestChannel.scala:50)
	at kafka.network.Processor.read(SocketServer.scala:353)
	at kafka.network.Processor.run(SocketServer.scala:245)
	at java.lang.Thread.run(Thread.java:748)
[2018-05-10 10:26:02,741] ERROR Closing socket for /172.31.34.212 because of error (kafka.network.Processor)
kafka.common.KafkaException: Wrong request type 10
	at kafka.api.RequestKeys$.deserializerForKey(RequestKeys.scala:57)
	at kafka.network.RequestChannel$Request.<init>(RequestChannel.scala:50)
	at kafka.network.Processor.read(SocketServer.scala:353)
	at kafka.network.Processor.run(SocketServer.scala:245)
	at java.lang.Thread.run(Thread.java:748)
[2018-05-10 10:26:04,741] ERROR Closing socket for /172.31.34.212 because of error (kafka.network.Processor)
kafka.common.KafkaException: Wrong request type 10
	at kafka.api.RequestKeys$.deserializerForKey(RequestKeys.scala:57)
	at kafka.network.RequestChannel$Request.<init>(RequestChannel.scala:50)
	at kafka.network.Processor.read(SocketServer.scala:353)
	at kafka.network.Processor.run(SocketServer.scala:245)
	at java.lang.Thread.run(Thread.java:748)
[2018-05-10 10:26:05,731] ERROR Closing socket for /172.31.34.212 because of error (kafka.network.Processor)
kafka.common.KafkaException: Wrong request type 10
	at kafka.api.RequestKeys$.deserializerForKey(RequestKeys.scala:57)
	at kafka.network.RequestChannel$Request.<init>(RequestChannel.scala:50)
	at kafka.network.Processor.read(SocketServer.scala:353)
	at kafka.network.Processor.run(SocketServer.scala:245)
	at java.lang.Thread.run(Thread.java:748)
[2018-05-10 10:26:07,741] ERROR Closing socket for /172.31.34.212 because of error (kafka.network.Processor)
kafka.common.KafkaException: Wrong request type 10
	at kafka.api.RequestKeys$.deserializerForKey(RequestKeys.scala:57)
	at kafka.network.RequestChannel$Request.<init>(RequestChannel.scala:50)
	at kafka.network.Processor.read(SocketServer.scala:353)
	at kafka.network.Processor.run(SocketServer.scala:245)
	at java.lang.Thread.run(Thread.java:748)
[2018-05-10 10:26:09,741] ERROR Closing socket for /172.31.34.212 because of error (kafka.network.Processor)
kafka.common.KafkaException: Wrong request type 10
	at kafka.api.RequestKeys$.deserializerForKey(RequestKeys.scala:57)
	at kafka.network.RequestChannel$Request.<init>(RequestChannel.scala:50)
	at kafka.network.Processor.read(SocketServer.scala:353)
	at kafka.network.Processor.run(SocketServer.scala:245)
	at java.lang.Thread.run(Thread.java:748)
[2018-05-10 10:26:13,742] ERROR Closing socket for /172.31.34.212 because of error (kafka.network.Processor)
kafka.common.KafkaException: Wrong request type 10
	at kafka.api.RequestKeys$.deserializerForKey(RequestKeys.scala:57)
	at kafka.network.RequestChannel$Request.<init>(RequestChannel.scala:50)
	at kafka.network.Processor.read(SocketServer.scala:353)
	at kafka.network.Processor.run(SocketServer.scala:245)
	at java.lang.Thread.run(Thread.java:748)
[2018-05-10 10:26:14,744] ERROR Closing socket for /172.31.34.212 because of error (kafka.network.Processor)
kafka.common.KafkaException: Wrong request type 10
	at kafka.api.RequestKeys$.deserializerForKey(RequestKeys.scala:57)
	at kafka.network.RequestChannel$Request.<init>(RequestChannel.scala:50)
	at kafka.network.Processor.read(SocketServer.scala:353)
	at kafka.network.Processor.run(SocketServer.scala:245)
	at java.lang.Thread.run(Thread.java:748)
[2018-05-10 10:26:16,742] ERROR Closing socket for /172.31.34.212 because of error (kafka.network.Processor)
kafka.common.KafkaException: Wrong request type 10
	at kafka.api.RequestKeys$.deserializerForKey(RequestKeys.scala:57)
	at kafka.network.RequestChannel$Request.<init>(RequestChannel.scala:50)
	at kafka.network.Processor.read(SocketServer.scala:353)
	at kafka.network.Processor.run(SocketServer.scala:245)
	at java.lang.Thread.run(Thread.java:748)
[2018-05-10 10:26:26,742] ERROR Closing socket for /172.31.34.212 because of error (kafka.network.Processor)
kafka.common.KafkaException: Wrong request type 10
	at kafka.api.RequestKeys$.deserializerForKey(RequestKeys.scala:57)
	at kafka.network.RequestChannel$Request.<init>(RequestChannel.scala:50)
	at kafka.network.Processor.read(SocketServer.scala:353)
	at kafka.network.Processor.run(SocketServer.scala:245)
	at java.lang.Thread.run(Thread.java:748)
[2018-05-10 10:26:28,742] ERROR Closing socket for /172.31.34.212 because of error (kafka.network.Processor)
kafka.common.KafkaException: Wrong request type 10
	at kafka.api.RequestKeys$.deserializerForKey(RequestKeys.scala:57)
	at kafka.network.RequestChannel$Request.<init>(RequestChannel.scala:50)
	at kafka.network.Processor.read(SocketServer.scala:353)
	at kafka.network.Processor.run(SocketServer.scala:245)
	at java.lang.Thread.run(Thread.java:748)
[2018-05-10 10:26:33,742] ERROR Closing socket for /172.31.34.212 because of error (kafka.network.Processor)
kafka.common.KafkaException: Wrong request type 10
	at kafka.api.RequestKeys$.deserializerForKey(RequestKeys.scala:57)
	at kafka.network.RequestChannel$Request.<init>(RequestChannel.scala:50)
	at kafka.network.Processor.read(SocketServer.scala:353)
	at kafka.network.Processor.run(SocketServer.scala:245)
	at java.lang.Thread.run(Thread.java:748)
[2018-05-10 10:26:34,742] ERROR Closing socket for /172.31.34.212 because of error (kafka.network.Processor)
kafka.common.KafkaException: Wrong request type 10
	at kafka.api.RequestKeys$.deserializerForKey(RequestKeys.scala:57)
	at kafka.network.RequestChannel$Request.<init>(RequestChannel.scala:50)
	at kafka.network.Processor.read(SocketServer.scala:353)
	at kafka.network.Processor.run(SocketServer.scala:245)
	at java.lang.Thread.run(Thread.java:748)
[2018-05-10 10:26:35,731] ERROR Closing socket for /172.31.34.212 because of error (kafka.network.Processor)
kafka.common.KafkaException: Wrong request type 10
	at kafka.api.RequestKeys$.deserializerForKey(RequestKeys.scala:57)
	at kafka.network.RequestChannel$Request.<init>(RequestChannel.scala:50)
	at kafka.network.Processor.read(SocketServer.scala:353)
	at kafka.network.Processor.run(SocketServer.scala:245)
	at java.lang.Thread.run(Thread.java:748)
[2018-05-10 10:26:36,742] ERROR Closing socket for /172.31.34.212 because of error (kafka.network.Processor)
kafka.common.KafkaException: Wrong request type 10
	at kafka.api.RequestKeys$.deserializerForKey(RequestKeys.scala:57)
	at kafka.network.RequestChannel$Request.<init>(RequestChannel.scala:50)
	at kafka.network.Processor.read(SocketServer.scala:353)
	at kafka.network.Processor.run(SocketServer.scala:245)
	at java.lang.Thread.run(Thread.java:748)
[2018-05-10 10:26:39,742] ERROR Closing socket for /172.31.34.212 because of error (kafka.network.Processor)
kafka.common.KafkaException: Wrong request type 10
	at kafka.api.RequestKeys$.deserializerForKey(RequestKeys.scala:57)
	at kafka.network.RequestChannel$Request.<init>(RequestChannel.scala:50)
	at kafka.network.Processor.read(SocketServer.scala:353)
	at kafka.network.Processor.run(SocketServer.scala:245)
	at java.lang.Thread.run(Thread.java:748)
[2018-05-10 10:26:40,731] ERROR Closing socket for /172.31.34.212 because of error (kafka.network.Processor)
kafka.common.KafkaException: Wrong request type 10
	at kafka.api.RequestKeys$.deserializerForKey(RequestKeys.scala:57)
	at kafka.network.RequestChannel$Request.<init>(RequestChannel.scala:50)
	at kafka.network.Processor.read(SocketServer.scala:353)
	at kafka.network.Processor.run(SocketServer.scala:245)
	at java.lang.Thread.run(Thread.java:748)
[2018-05-10 10:26:44,016] INFO Closing socket connection to /172.31.34.212. (kafka.network.Processor)
[2018-05-10 10:26:44,016] INFO Closing socket connection to /172.31.34.212. (kafka.network.Processor)
