[2018-05-03 11:06:40,033] INFO [ControllerEpochListener on 1]: Initialized controller epoch to 1 and zk version 0 (kafka.controller.ControllerEpochListener)
[2018-05-03 11:06:40,056] INFO [Controller 1]: Controller starting up (kafka.controller.KafkaController)
[2018-05-03 11:06:40,083] INFO [Controller 1]: Broker 1 starting become controller state transition (kafka.controller.KafkaController)
[2018-05-03 11:06:40,088] INFO [Controller 1]: Controller 1 incremented epoch to 2 (kafka.controller.KafkaController)
[2018-05-03 11:06:40,139] INFO [Controller 1]: Partitions undergoing preferred replica election:  (kafka.controller.KafkaController)
[2018-05-03 11:06:40,140] INFO [Controller 1]: Partitions that completed preferred replica election:  (kafka.controller.KafkaController)
[2018-05-03 11:06:40,140] INFO [Controller 1]: Resuming preferred replica election for partitions:  (kafka.controller.KafkaController)
[2018-05-03 11:06:40,143] INFO [Controller 1]: Partitions being reassigned: Map() (kafka.controller.KafkaController)
[2018-05-03 11:06:40,144] INFO [Controller 1]: Partitions already reassigned: List() (kafka.controller.KafkaController)
[2018-05-03 11:06:40,145] INFO [Controller 1]: Resuming reassignment of partitions: Map() (kafka.controller.KafkaController)
[2018-05-03 11:06:40,149] INFO [Controller 1]: List of topics to be deleted:  (kafka.controller.KafkaController)
[2018-05-03 11:06:40,150] INFO [Controller 1]: List of topics ineligible for deletion:  (kafka.controller.KafkaController)
[2018-05-03 11:06:40,152] INFO [Controller 1]: Currently active brokers in the cluster: Set() (kafka.controller.KafkaController)
[2018-05-03 11:06:40,153] INFO [Controller 1]: Currently shutting brokers in the cluster: Set() (kafka.controller.KafkaController)
[2018-05-03 11:06:40,153] INFO [Controller 1]: Current list of topics in the cluster: Set() (kafka.controller.KafkaController)
[2018-05-03 11:06:40,160] INFO [Replica state machine on controller 1]: Started replica state machine with initial state -> Map() (kafka.controller.ReplicaStateMachine)
[2018-05-03 11:06:40,164] INFO [Partition state machine on Controller 1]: Started partition state machine with initial state -> Map() (kafka.controller.PartitionStateMachine)
[2018-05-03 11:06:40,165] INFO [Controller 1]: Broker 1 is ready to serve as the new controller with epoch 2 (kafka.controller.KafkaController)
[2018-05-03 11:06:40,167] INFO [Controller 1]: Starting preferred replica leader election for partitions  (kafka.controller.KafkaController)
[2018-05-03 11:06:40,168] INFO [Partition state machine on Controller 1]: Invoking state change to OnlinePartition for partitions  (kafka.controller.PartitionStateMachine)
[2018-05-03 11:06:40,173] INFO [Controller 1]: Controller startup complete (kafka.controller.KafkaController)
[2018-05-03 11:06:40,185] INFO [delete-topics-thread], Starting  (kafka.controller.TopicDeletionManager$DeleteTopicsThread)
[2018-05-03 11:06:40,309] INFO Waiting for signal to start or continue topic deletion (kafka.controller.TopicDeletionManager)
[2018-05-03 11:06:40,311] DEBUG [ControllerEpochListener on 1]: Controller epoch listener fired with new epoch 2 (kafka.controller.ControllerEpochListener)
[2018-05-03 11:06:40,314] INFO [ControllerEpochListener on 1]: Initialized controller epoch to 2 and zk version 1 (kafka.controller.ControllerEpochListener)
[2018-05-03 11:06:40,320] INFO [BrokerChangeListener on Controller 1]: Broker change listener fired for path /brokers/ids with children 1 (kafka.controller.ReplicaStateMachine$BrokerChangeListener)
[2018-05-03 11:06:40,362] INFO [BrokerChangeListener on Controller 1]: Newly added brokers: 1, deleted brokers: , all live brokers: 1 (kafka.controller.ReplicaStateMachine$BrokerChangeListener)
[2018-05-03 11:06:40,363] DEBUG [Channel manager on controller 1]: Controller 1 trying to connect to broker 1 (kafka.controller.ControllerChannelManager)
[2018-05-03 11:06:40,367] INFO [Controller-1-to-broker-1-send-thread], Controller 1 connected to id:1,host:ip-172-31-45-1.us-east-2.compute.internal,port:9091 for sending state change requests (kafka.controller.RequestSendThread)
[2018-05-03 11:06:40,369] INFO [Controller 1]: New broker startup callback for 1 (kafka.controller.KafkaController)
[2018-05-03 11:06:40,372] INFO [Controller-1-to-broker-1-send-thread], Starting  (kafka.controller.RequestSendThread)
[2018-05-03 11:08:37,961] INFO [Controller-1-to-broker-1-send-thread], Shutting down (kafka.controller.RequestSendThread)
[2018-05-03 11:08:37,961] INFO [Controller-1-to-broker-1-send-thread], Stopped  (kafka.controller.RequestSendThread)
[2018-05-03 11:08:37,964] INFO [Controller-1-to-broker-1-send-thread], Shutdown completed (kafka.controller.RequestSendThread)
[2018-05-03 11:08:37,964] INFO [Controller 1]: Controller shutdown complete (kafka.controller.KafkaController)
[2018-05-03 11:12:03,530] INFO [ControllerEpochListener on 1]: Initialized controller epoch to 2 and zk version 1 (kafka.controller.ControllerEpochListener)
[2018-05-03 11:12:03,555] INFO [Controller 1]: Controller starting up (kafka.controller.KafkaController)
[2018-05-03 11:12:03,583] INFO [Controller 1]: Broker 1 starting become controller state transition (kafka.controller.KafkaController)
[2018-05-03 11:12:03,587] INFO [Controller 1]: Controller 1 incremented epoch to 3 (kafka.controller.KafkaController)
[2018-05-03 11:12:03,635] INFO [Controller 1]: Partitions undergoing preferred replica election:  (kafka.controller.KafkaController)
[2018-05-03 11:12:03,636] INFO [Controller 1]: Partitions that completed preferred replica election:  (kafka.controller.KafkaController)
[2018-05-03 11:12:03,636] INFO [Controller 1]: Resuming preferred replica election for partitions:  (kafka.controller.KafkaController)
[2018-05-03 11:12:03,638] INFO [Controller 1]: Partitions being reassigned: Map() (kafka.controller.KafkaController)
[2018-05-03 11:12:03,639] INFO [Controller 1]: Partitions already reassigned: List() (kafka.controller.KafkaController)
[2018-05-03 11:12:03,640] INFO [Controller 1]: Resuming reassignment of partitions: Map() (kafka.controller.KafkaController)
[2018-05-03 11:12:03,644] INFO [Controller 1]: List of topics to be deleted:  (kafka.controller.KafkaController)
[2018-05-03 11:12:03,644] INFO [Controller 1]: List of topics ineligible for deletion:  (kafka.controller.KafkaController)
[2018-05-03 11:12:03,647] INFO [Controller 1]: Currently active brokers in the cluster: Set() (kafka.controller.KafkaController)
[2018-05-03 11:12:03,648] INFO [Controller 1]: Currently shutting brokers in the cluster: Set() (kafka.controller.KafkaController)
[2018-05-03 11:12:03,648] INFO [Controller 1]: Current list of topics in the cluster: Set() (kafka.controller.KafkaController)
[2018-05-03 11:12:03,656] INFO [Replica state machine on controller 1]: Started replica state machine with initial state -> Map() (kafka.controller.ReplicaStateMachine)
[2018-05-03 11:12:03,659] INFO [Partition state machine on Controller 1]: Started partition state machine with initial state -> Map() (kafka.controller.PartitionStateMachine)
[2018-05-03 11:12:03,661] INFO [Controller 1]: Broker 1 is ready to serve as the new controller with epoch 3 (kafka.controller.KafkaController)
[2018-05-03 11:12:03,662] INFO [Controller 1]: Starting preferred replica leader election for partitions  (kafka.controller.KafkaController)
[2018-05-03 11:12:03,663] INFO [Partition state machine on Controller 1]: Invoking state change to OnlinePartition for partitions  (kafka.controller.PartitionStateMachine)
[2018-05-03 11:12:03,668] INFO [Controller 1]: Controller startup complete (kafka.controller.KafkaController)
[2018-05-03 11:12:03,680] INFO [delete-topics-thread], Starting  (kafka.controller.TopicDeletionManager$DeleteTopicsThread)
[2018-05-03 11:12:03,806] INFO Waiting for signal to start or continue topic deletion (kafka.controller.TopicDeletionManager)
[2018-05-03 11:12:03,808] DEBUG [ControllerEpochListener on 1]: Controller epoch listener fired with new epoch 3 (kafka.controller.ControllerEpochListener)
[2018-05-03 11:12:03,810] INFO [ControllerEpochListener on 1]: Initialized controller epoch to 3 and zk version 2 (kafka.controller.ControllerEpochListener)
[2018-05-03 11:12:03,812] INFO [BrokerChangeListener on Controller 1]: Broker change listener fired for path /brokers/ids with children 1 (kafka.controller.ReplicaStateMachine$BrokerChangeListener)
[2018-05-03 11:12:03,870] INFO [BrokerChangeListener on Controller 1]: Newly added brokers: 1, deleted brokers: , all live brokers: 1 (kafka.controller.ReplicaStateMachine$BrokerChangeListener)
[2018-05-03 11:12:03,871] DEBUG [Channel manager on controller 1]: Controller 1 trying to connect to broker 1 (kafka.controller.ControllerChannelManager)
[2018-05-03 11:12:03,881] INFO [Controller-1-to-broker-1-send-thread], Controller 1 connected to id:1,host:ip-172-31-45-1.us-east-2.compute.internal,port:9091 for sending state change requests (kafka.controller.RequestSendThread)
[2018-05-03 11:12:03,882] INFO [Controller 1]: New broker startup callback for 1 (kafka.controller.KafkaController)
[2018-05-03 11:12:03,884] INFO [Controller-1-to-broker-1-send-thread], Starting  (kafka.controller.RequestSendThread)
[2018-05-03 11:12:08,961] INFO [BrokerChangeListener on Controller 1]: Broker change listener fired for path /brokers/ids with children 0,1 (kafka.controller.ReplicaStateMachine$BrokerChangeListener)
[2018-05-03 11:12:09,017] INFO [BrokerChangeListener on Controller 1]: Newly added brokers: 0, deleted brokers: , all live brokers: 0,1 (kafka.controller.ReplicaStateMachine$BrokerChangeListener)
[2018-05-03 11:12:09,018] DEBUG [Channel manager on controller 1]: Controller 1 trying to connect to broker 0 (kafka.controller.ControllerChannelManager)
[2018-05-03 11:12:09,020] INFO [Controller-1-to-broker-0-send-thread], Controller 1 connected to id:0,host:ip-172-31-45-1.us-east-2.compute.internal,port:9090 for sending state change requests (kafka.controller.RequestSendThread)
[2018-05-03 11:12:09,020] INFO [Controller 1]: New broker startup callback for 0 (kafka.controller.KafkaController)
[2018-05-03 11:12:09,020] INFO [Controller-1-to-broker-0-send-thread], Starting  (kafka.controller.RequestSendThread)
[2018-05-03 11:19:35,368] INFO [BrokerChangeListener on Controller 1]: Broker change listener fired for path /brokers/ids with children 1 (kafka.controller.ReplicaStateMachine$BrokerChangeListener)
[2018-05-03 11:19:35,381] INFO [BrokerChangeListener on Controller 1]: Newly added brokers: , deleted brokers: 0, all live brokers: 1 (kafka.controller.ReplicaStateMachine$BrokerChangeListener)
[2018-05-03 11:19:35,383] INFO [Controller-1-to-broker-0-send-thread], Shutting down (kafka.controller.RequestSendThread)
[2018-05-03 11:19:35,383] INFO [Controller-1-to-broker-0-send-thread], Stopped  (kafka.controller.RequestSendThread)
[2018-05-03 11:19:35,383] INFO [Controller-1-to-broker-0-send-thread], Shutdown completed (kafka.controller.RequestSendThread)
[2018-05-03 11:19:35,384] INFO [Controller 1]: Broker failure callback for 0 (kafka.controller.KafkaController)
[2018-05-03 11:19:35,388] INFO [Controller 1]: Removed ArrayBuffer() from list of shutting down brokers. (kafka.controller.KafkaController)
[2018-05-03 11:19:35,389] INFO [Partition state machine on Controller 1]: Invoking state change to OfflinePartition for partitions  (kafka.controller.PartitionStateMachine)
[2018-05-03 11:19:38,362] INFO [Controller-1-to-broker-1-send-thread], Shutting down (kafka.controller.RequestSendThread)
[2018-05-03 11:19:38,362] INFO [Controller-1-to-broker-1-send-thread], Stopped  (kafka.controller.RequestSendThread)
[2018-05-03 11:19:38,362] INFO [Controller-1-to-broker-1-send-thread], Shutdown completed (kafka.controller.RequestSendThread)
[2018-05-03 11:19:38,362] INFO [Controller 1]: Controller shutdown complete (kafka.controller.KafkaController)
