[2018-05-03 11:05:55,799] INFO Verifying properties (kafka.utils.VerifiableProperties)
[2018-05-03 11:05:55,830] INFO Property broker.id is overridden to 1 (kafka.utils.VerifiableProperties)
[2018-05-03 11:05:55,831] INFO Property log.cleaner.enable is overridden to false (kafka.utils.VerifiableProperties)
[2018-05-03 11:05:55,831] INFO Property log.dirs is overridden to /tmp/kafka-logs (kafka.utils.VerifiableProperties)
[2018-05-03 11:05:55,831] INFO Property log.retention.check.interval.ms is overridden to 60000 (kafka.utils.VerifiableProperties)
[2018-05-03 11:05:55,832] INFO Property log.retention.hours is overridden to 168 (kafka.utils.VerifiableProperties)
[2018-05-03 11:05:55,832] INFO Property log.segment.bytes is overridden to 536870912 (kafka.utils.VerifiableProperties)
[2018-05-03 11:05:55,832] INFO Property num.io.threads is overridden to 8 (kafka.utils.VerifiableProperties)
[2018-05-03 11:05:55,833] INFO Property num.network.threads is overridden to 2 (kafka.utils.VerifiableProperties)
[2018-05-03 11:05:55,833] INFO Property num.partitions is overridden to 2 (kafka.utils.VerifiableProperties)
[2018-05-03 11:05:55,833] INFO Property port is overridden to 9091 (kafka.utils.VerifiableProperties)
[2018-05-03 11:05:55,834] INFO Property socket.receive.buffer.bytes is overridden to 1048576 (kafka.utils.VerifiableProperties)
[2018-05-03 11:05:55,834] INFO Property socket.request.max.bytes is overridden to 104857600 (kafka.utils.VerifiableProperties)
[2018-05-03 11:05:55,834] INFO Property socket.send.buffer.bytes is overridden to 1048576 (kafka.utils.VerifiableProperties)
[2018-05-03 11:05:55,835] INFO Property zookeeper.connect is overridden to 172.31.45.1:2181 (kafka.utils.VerifiableProperties)
[2018-05-03 11:05:55,835] INFO Property zookeeper.connection.timeout.ms is overridden to 1000000 (kafka.utils.VerifiableProperties)
[2018-05-03 11:05:55,856] INFO [Kafka Server 1], starting (kafka.server.KafkaServer)
[2018-05-03 11:05:55,858] INFO [Kafka Server 1], Connecting to zookeeper on 172.31.45.1:2181 (kafka.server.KafkaServer)
[2018-05-03 11:05:55,937] FATAL Fatal error during KafkaServerStable startup. Prepare to shutdown (kafka.server.KafkaServerStartable)
kafka.common.KafkaException: Failed to acquire lock on file .lock in /tmp/kafka-logs. A Kafka instance in another process or thread is using this directory.
	at kafka.log.LogManager$$anonfun$lockLogDirs$1.apply(LogManager.scala:95)
	at kafka.log.LogManager$$anonfun$lockLogDirs$1.apply(LogManager.scala:92)
	at scala.collection.TraversableLike$$anonfun$map$1.apply(TraversableLike.scala:244)
	at scala.collection.TraversableLike$$anonfun$map$1.apply(TraversableLike.scala:244)
	at scala.collection.IndexedSeqOptimized$class.foreach(IndexedSeqOptimized.scala:33)
	at scala.collection.mutable.WrappedArray.foreach(WrappedArray.scala:34)
	at scala.collection.TraversableLike$class.map(TraversableLike.scala:244)
	at scala.collection.AbstractTraversable.map(Traversable.scala:105)
	at kafka.log.LogManager.lockLogDirs(LogManager.scala:92)
	at kafka.log.LogManager.<init>(LogManager.scala:55)
	at kafka.server.KafkaServer.createLogManager(KafkaServer.scala:275)
	at kafka.server.KafkaServer.startup(KafkaServer.scala:72)
	at kafka.server.KafkaServerStartable.startup(KafkaServerStartable.scala:34)
	at kafka.Kafka$.main(Kafka.scala:46)
	at kafka.Kafka.main(Kafka.scala)
[2018-05-03 11:05:55,943] INFO [Kafka Server 1], shutting down (kafka.server.KafkaServer)
[2018-05-03 11:05:55,949] INFO [Kafka Server 1], shut down completed (kafka.server.KafkaServer)
[2018-05-03 11:05:55,950] INFO [Kafka Server 1], shutting down (kafka.server.KafkaServer)
[2018-05-03 11:06:39,841] INFO Verifying properties (kafka.utils.VerifiableProperties)
[2018-05-03 11:06:39,868] INFO Property broker.id is overridden to 1 (kafka.utils.VerifiableProperties)
[2018-05-03 11:06:39,869] INFO Property log.cleaner.enable is overridden to false (kafka.utils.VerifiableProperties)
[2018-05-03 11:06:39,869] INFO Property log.dirs is overridden to /tmp/kafka-logs (kafka.utils.VerifiableProperties)
[2018-05-03 11:06:39,869] INFO Property log.retention.check.interval.ms is overridden to 60000 (kafka.utils.VerifiableProperties)
[2018-05-03 11:06:39,869] INFO Property log.retention.hours is overridden to 168 (kafka.utils.VerifiableProperties)
[2018-05-03 11:06:39,870] INFO Property log.segment.bytes is overridden to 536870912 (kafka.utils.VerifiableProperties)
[2018-05-03 11:06:39,870] INFO Property num.io.threads is overridden to 8 (kafka.utils.VerifiableProperties)
[2018-05-03 11:06:39,871] INFO Property num.network.threads is overridden to 2 (kafka.utils.VerifiableProperties)
[2018-05-03 11:06:39,871] INFO Property num.partitions is overridden to 2 (kafka.utils.VerifiableProperties)
[2018-05-03 11:06:39,871] INFO Property port is overridden to 9091 (kafka.utils.VerifiableProperties)
[2018-05-03 11:06:39,871] INFO Property socket.receive.buffer.bytes is overridden to 1048576 (kafka.utils.VerifiableProperties)
[2018-05-03 11:06:39,872] INFO Property socket.request.max.bytes is overridden to 104857600 (kafka.utils.VerifiableProperties)
[2018-05-03 11:06:39,872] INFO Property socket.send.buffer.bytes is overridden to 1048576 (kafka.utils.VerifiableProperties)
[2018-05-03 11:06:39,873] INFO Property zookeeper.connect is overridden to 172.31.45.1:2181 (kafka.utils.VerifiableProperties)
[2018-05-03 11:06:39,873] INFO Property zookeeper.connection.timeout.ms is overridden to 1000000 (kafka.utils.VerifiableProperties)
[2018-05-03 11:06:39,889] INFO [Kafka Server 1], starting (kafka.server.KafkaServer)
[2018-05-03 11:06:39,891] INFO [Kafka Server 1], Connecting to zookeeper on 172.31.45.1:2181 (kafka.server.KafkaServer)
[2018-05-03 11:06:39,968] INFO Found clean shutdown file. Skipping recovery for all logs in data directory '/tmp/kafka-logs' (kafka.log.LogManager)
[2018-05-03 11:06:39,969] INFO Starting log cleanup with a period of 60000 ms. (kafka.log.LogManager)
[2018-05-03 11:06:39,971] INFO Starting log flusher with a default period of 9223372036854775807 ms. (kafka.log.LogManager)
[2018-05-03 11:06:39,994] INFO Awaiting socket connections on 0.0.0.0:9091. (kafka.network.Acceptor)
[2018-05-03 11:06:39,995] INFO [Socket Server on Broker 1], Started (kafka.network.SocketServer)
[2018-05-03 11:06:40,054] INFO Will not load MX4J, mx4j-tools.jar is not in the classpath (kafka.utils.Mx4jLoader$)
[2018-05-03 11:06:40,082] INFO 1 successfully elected as leader (kafka.server.ZookeeperLeaderElector)
[2018-05-03 11:06:40,206] INFO Registered broker 1 at path /brokers/ids/1 with address ip-172-31-45-1.us-east-2.compute.internal:9091. (kafka.utils.ZkUtils$)
[2018-05-03 11:06:40,235] INFO [Kafka Server 1], started (kafka.server.KafkaServer)
[2018-05-03 11:06:40,306] INFO New leader is 1 (kafka.server.ZookeeperLeaderElector$LeaderChangeListener)
[2018-05-03 11:08:37,616] INFO [Kafka Server 1], shutting down (kafka.server.KafkaServer)
[2018-05-03 11:08:37,619] INFO [Socket Server on Broker 1], Shutting down (kafka.network.SocketServer)
[2018-05-03 11:08:37,621] INFO [Socket Server on Broker 1], Shutdown completed (kafka.network.SocketServer)
[2018-05-03 11:08:37,622] INFO [Kafka Request Handler on Broker 1], shutting down (kafka.server.KafkaRequestHandlerPool)
[2018-05-03 11:08:37,653] INFO [Kafka Request Handler on Broker 1], shut down completely (kafka.server.KafkaRequestHandlerPool)
[2018-05-03 11:08:37,953] INFO [Replica Manager on Broker 1]: Shut down (kafka.server.ReplicaManager)
[2018-05-03 11:08:37,954] INFO [ReplicaFetcherManager on broker 1] shutting down (kafka.server.ReplicaFetcherManager)
[2018-05-03 11:08:37,954] INFO [ReplicaFetcherManager on broker 1] shutdown completed (kafka.server.ReplicaFetcherManager)
[2018-05-03 11:08:37,957] INFO [Replica Manager on Broker 1]: Shutted down completely (kafka.server.ReplicaManager)
[2018-05-03 11:08:37,969] INFO [Kafka Server 1], shut down completed (kafka.server.KafkaServer)
[2018-05-03 11:12:03,333] INFO Verifying properties (kafka.utils.VerifiableProperties)
[2018-05-03 11:12:03,364] INFO Property broker.id is overridden to 1 (kafka.utils.VerifiableProperties)
[2018-05-03 11:12:03,364] INFO Property log.cleaner.enable is overridden to false (kafka.utils.VerifiableProperties)
[2018-05-03 11:12:03,364] INFO Property log.dirs is overridden to /tmp/kafka-logs-1 (kafka.utils.VerifiableProperties)
[2018-05-03 11:12:03,365] INFO Property log.retention.check.interval.ms is overridden to 60000 (kafka.utils.VerifiableProperties)
[2018-05-03 11:12:03,365] INFO Property log.retention.hours is overridden to 168 (kafka.utils.VerifiableProperties)
[2018-05-03 11:12:03,366] INFO Property log.segment.bytes is overridden to 536870912 (kafka.utils.VerifiableProperties)
[2018-05-03 11:12:03,366] INFO Property num.io.threads is overridden to 8 (kafka.utils.VerifiableProperties)
[2018-05-03 11:12:03,366] INFO Property num.network.threads is overridden to 2 (kafka.utils.VerifiableProperties)
[2018-05-03 11:12:03,367] INFO Property num.partitions is overridden to 2 (kafka.utils.VerifiableProperties)
[2018-05-03 11:12:03,367] INFO Property port is overridden to 9091 (kafka.utils.VerifiableProperties)
[2018-05-03 11:12:03,367] INFO Property socket.receive.buffer.bytes is overridden to 1048576 (kafka.utils.VerifiableProperties)
[2018-05-03 11:12:03,367] INFO Property socket.request.max.bytes is overridden to 104857600 (kafka.utils.VerifiableProperties)
[2018-05-03 11:12:03,368] INFO Property socket.send.buffer.bytes is overridden to 1048576 (kafka.utils.VerifiableProperties)
[2018-05-03 11:12:03,368] INFO Property zookeeper.connect is overridden to 172.31.45.1:2181 (kafka.utils.VerifiableProperties)
[2018-05-03 11:12:03,369] INFO Property zookeeper.connection.timeout.ms is overridden to 1000000 (kafka.utils.VerifiableProperties)
[2018-05-03 11:12:03,386] INFO [Kafka Server 1], starting (kafka.server.KafkaServer)
[2018-05-03 11:12:03,388] INFO [Kafka Server 1], Connecting to zookeeper on 172.31.45.1:2181 (kafka.server.KafkaServer)
[2018-05-03 11:12:03,458] INFO Log directory '/tmp/kafka-logs-1' not found, creating it. (kafka.log.LogManager)
[2018-05-03 11:12:03,465] INFO Starting log cleanup with a period of 60000 ms. (kafka.log.LogManager)
[2018-05-03 11:12:03,467] INFO Starting log flusher with a default period of 9223372036854775807 ms. (kafka.log.LogManager)
[2018-05-03 11:12:03,490] INFO Awaiting socket connections on 0.0.0.0:9091. (kafka.network.Acceptor)
[2018-05-03 11:12:03,492] INFO [Socket Server on Broker 1], Started (kafka.network.SocketServer)
[2018-05-03 11:12:03,553] INFO Will not load MX4J, mx4j-tools.jar is not in the classpath (kafka.utils.Mx4jLoader$)
[2018-05-03 11:12:03,582] INFO 1 successfully elected as leader (kafka.server.ZookeeperLeaderElector)
[2018-05-03 11:12:03,693] INFO Registered broker 1 at path /brokers/ids/1 with address ip-172-31-45-1.us-east-2.compute.internal:9091. (kafka.utils.ZkUtils$)
[2018-05-03 11:12:03,716] INFO [Kafka Server 1], started (kafka.server.KafkaServer)
[2018-05-03 11:12:03,802] INFO New leader is 1 (kafka.server.ZookeeperLeaderElector$LeaderChangeListener)
[2018-05-03 11:19:38,056] INFO [Kafka Server 1], shutting down (kafka.server.KafkaServer)
[2018-05-03 11:19:38,057] INFO [Socket Server on Broker 1], Shutting down (kafka.network.SocketServer)
[2018-05-03 11:19:38,059] INFO [Socket Server on Broker 1], Shutdown completed (kafka.network.SocketServer)
[2018-05-03 11:19:38,061] INFO [Kafka Request Handler on Broker 1], shutting down (kafka.server.KafkaRequestHandlerPool)
[2018-05-03 11:19:38,085] INFO [Kafka Request Handler on Broker 1], shut down completely (kafka.server.KafkaRequestHandlerPool)
[2018-05-03 11:19:38,355] INFO [Replica Manager on Broker 1]: Shut down (kafka.server.ReplicaManager)
[2018-05-03 11:19:38,355] INFO [ReplicaFetcherManager on broker 1] shutting down (kafka.server.ReplicaFetcherManager)
[2018-05-03 11:19:38,356] INFO [ReplicaFetcherManager on broker 1] shutdown completed (kafka.server.ReplicaFetcherManager)
[2018-05-03 11:19:38,359] INFO [Replica Manager on Broker 1]: Shutted down completely (kafka.server.ReplicaManager)
[2018-05-03 11:19:38,366] INFO [Kafka Server 1], shut down completed (kafka.server.KafkaServer)
