[2018-05-10 10:12:47,890] TRACE Broker 1 cached leader info (LeaderAndIsrInfo:(Leader:1,ISR:1,0,LeaderEpoch:8,ControllerEpoch:14),ReplicationFactor:2),AllReplicas:0,1) for partition [test001,0] in response to UpdateMetadata request sent by controller 0 epoch 15 with correlation id 3 (state.change.logger)
[2018-05-10 10:12:47,890] TRACE Broker 1 cached leader info (LeaderAndIsrInfo:(Leader:0,ISR:0,LeaderEpoch:5,ControllerEpoch:14),ReplicationFactor:1),AllReplicas:0) for partition [test002,1] in response to UpdateMetadata request sent by controller 0 epoch 15 with correlation id 3 (state.change.logger)
[2018-05-10 10:12:47,891] TRACE Broker 1 cached leader info (LeaderAndIsrInfo:(Leader:1,ISR:1,LeaderEpoch:5,ControllerEpoch:14),ReplicationFactor:1),AllReplicas:1) for partition [test002,0] in response to UpdateMetadata request sent by controller 0 epoch 15 with correlation id 3 (state.change.logger)
[2018-05-10 10:12:47,891] TRACE Broker 1 cached leader info (LeaderAndIsrInfo:(Leader:1,ISR:1,LeaderEpoch:8,ControllerEpoch:14),ReplicationFactor:1),AllReplicas:1) for partition [test000,0] in response to UpdateMetadata request sent by controller 0 epoch 15 with correlation id 3 (state.change.logger)
[2018-05-10 10:12:47,892] TRACE Broker 1 cached leader info (LeaderAndIsrInfo:(Leader:1,ISR:1,0,LeaderEpoch:6,ControllerEpoch:14),ReplicationFactor:2),AllReplicas:0,1) for partition [example-for-report,0] in response to UpdateMetadata request sent by controller 0 epoch 15 with correlation id 3 (state.change.logger)
[2018-05-10 10:12:48,022] TRACE Broker 1 received LeaderAndIsr request (LeaderAndIsrInfo:(Leader:1,ISR:1,0,LeaderEpoch:6,ControllerEpoch:14),ReplicationFactor:2),AllReplicas:0,1) correlation id 4 from controller 0 epoch 15 for partition [example-for-report,0] (state.change.logger)
[2018-05-10 10:12:48,023] TRACE Broker 1 received LeaderAndIsr request (LeaderAndIsrInfo:(Leader:1,ISR:1,0,LeaderEpoch:8,ControllerEpoch:14),ReplicationFactor:2),AllReplicas:0,1) correlation id 4 from controller 0 epoch 15 for partition [test001,0] (state.change.logger)
[2018-05-10 10:12:48,024] TRACE Broker 1 received LeaderAndIsr request (LeaderAndIsrInfo:(Leader:1,ISR:1,LeaderEpoch:5,ControllerEpoch:14),ReplicationFactor:1),AllReplicas:1) correlation id 4 from controller 0 epoch 15 for partition [test002,0] (state.change.logger)
[2018-05-10 10:12:48,024] TRACE Broker 1 received LeaderAndIsr request (LeaderAndIsrInfo:(Leader:1,ISR:1,LeaderEpoch:8,ControllerEpoch:14),ReplicationFactor:1),AllReplicas:1) correlation id 4 from controller 0 epoch 15 for partition [test000,0] (state.change.logger)
[2018-05-10 10:12:48,039] TRACE Broker 1 handling LeaderAndIsr request correlationId 4 from controller 0 epoch 15 starting the become-leader transition for partition [test000,0] (state.change.logger)
[2018-05-10 10:12:48,039] TRACE Broker 1 handling LeaderAndIsr request correlationId 4 from controller 0 epoch 15 starting the become-leader transition for partition [test002,0] (state.change.logger)
[2018-05-10 10:12:48,040] TRACE Broker 1 handling LeaderAndIsr request correlationId 4 from controller 0 epoch 15 starting the become-leader transition for partition [example-for-report,0] (state.change.logger)
[2018-05-10 10:12:48,044] TRACE Broker 1 handling LeaderAndIsr request correlationId 4 from controller 0 epoch 15 starting the become-leader transition for partition [test001,0] (state.change.logger)
[2018-05-10 10:12:48,048] TRACE Broker 1 stopped fetchers as part of become-leader request from controller 0 epoch 15 with correlation id 4 for partition [test000,0] (state.change.logger)
[2018-05-10 10:12:48,048] TRACE Broker 1 stopped fetchers as part of become-leader request from controller 0 epoch 15 with correlation id 4 for partition [test002,0] (state.change.logger)
[2018-05-10 10:12:48,049] TRACE Broker 1 stopped fetchers as part of become-leader request from controller 0 epoch 15 with correlation id 4 for partition [example-for-report,0] (state.change.logger)
[2018-05-10 10:12:48,049] TRACE Broker 1 stopped fetchers as part of become-leader request from controller 0 epoch 15 with correlation id 4 for partition [test001,0] (state.change.logger)
[2018-05-10 10:12:48,164] TRACE Broker 1 completed LeaderAndIsr request correlationId 4 from controller 0 epoch 15 for the become-leader transition for partition [test000,0] (state.change.logger)
[2018-05-10 10:12:48,164] TRACE Broker 1 completed LeaderAndIsr request correlationId 4 from controller 0 epoch 15 for the become-leader transition for partition [test002,0] (state.change.logger)
[2018-05-10 10:12:48,165] TRACE Broker 1 completed LeaderAndIsr request correlationId 4 from controller 0 epoch 15 for the become-leader transition for partition [example-for-report,0] (state.change.logger)
[2018-05-10 10:12:48,165] TRACE Broker 1 completed LeaderAndIsr request correlationId 4 from controller 0 epoch 15 for the become-leader transition for partition [test001,0] (state.change.logger)
[2018-05-10 10:12:48,185] TRACE Broker 1 cached leader info (LeaderAndIsrInfo:(Leader:1,ISR:1,0,LeaderEpoch:8,ControllerEpoch:14),ReplicationFactor:2),AllReplicas:0,1) for partition [test001,0] in response to UpdateMetadata request sent by controller 0 epoch 15 with correlation id 4 (state.change.logger)
[2018-05-10 10:12:48,186] TRACE Broker 1 cached leader info (LeaderAndIsrInfo:(Leader:0,ISR:0,LeaderEpoch:5,ControllerEpoch:14),ReplicationFactor:1),AllReplicas:0) for partition [test002,1] in response to UpdateMetadata request sent by controller 0 epoch 15 with correlation id 4 (state.change.logger)
[2018-05-10 10:12:48,186] TRACE Broker 1 cached leader info (LeaderAndIsrInfo:(Leader:1,ISR:1,LeaderEpoch:5,ControllerEpoch:14),ReplicationFactor:1),AllReplicas:1) for partition [test002,0] in response to UpdateMetadata request sent by controller 0 epoch 15 with correlation id 4 (state.change.logger)
[2018-05-10 10:12:48,186] TRACE Broker 1 cached leader info (LeaderAndIsrInfo:(Leader:1,ISR:1,LeaderEpoch:8,ControllerEpoch:14),ReplicationFactor:1),AllReplicas:1) for partition [test000,0] in response to UpdateMetadata request sent by controller 0 epoch 15 with correlation id 4 (state.change.logger)
[2018-05-10 10:12:48,187] TRACE Broker 1 cached leader info (LeaderAndIsrInfo:(Leader:1,ISR:1,0,LeaderEpoch:6,ControllerEpoch:14),ReplicationFactor:2),AllReplicas:0,1) for partition [example-for-report,0] in response to UpdateMetadata request sent by controller 0 epoch 15 with correlation id 4 (state.change.logger)
[2018-05-10 10:12:48,189] TRACE Broker 1 received LeaderAndIsr request (LeaderAndIsrInfo:(Leader:1,ISR:1,LeaderEpoch:7,ControllerEpoch:15),ReplicationFactor:2),AllReplicas:0,1) correlation id 5 from controller 0 epoch 15 for partition [example-for-report,0] (state.change.logger)
[2018-05-10 10:12:48,189] TRACE Broker 1 received LeaderAndIsr request (LeaderAndIsrInfo:(Leader:1,ISR:1,LeaderEpoch:9,ControllerEpoch:15),ReplicationFactor:2),AllReplicas:0,1) correlation id 5 from controller 0 epoch 15 for partition [test001,0] (state.change.logger)
[2018-05-10 10:12:48,189] TRACE Broker 1 received LeaderAndIsr request (LeaderAndIsrInfo:(Leader:1,ISR:1,LeaderEpoch:6,ControllerEpoch:15),ReplicationFactor:1),AllReplicas:1) correlation id 5 from controller 0 epoch 15 for partition [test002,0] (state.change.logger)
[2018-05-10 10:12:48,189] TRACE Broker 1 received LeaderAndIsr request (LeaderAndIsrInfo:(Leader:1,ISR:1,LeaderEpoch:9,ControllerEpoch:15),ReplicationFactor:1),AllReplicas:1) correlation id 5 from controller 0 epoch 15 for partition [test000,0] (state.change.logger)
[2018-05-10 10:12:48,190] TRACE Broker 1 handling LeaderAndIsr request correlationId 5 from controller 0 epoch 15 starting the become-leader transition for partition [test000,0] (state.change.logger)
[2018-05-10 10:12:48,190] TRACE Broker 1 handling LeaderAndIsr request correlationId 5 from controller 0 epoch 15 starting the become-leader transition for partition [test002,0] (state.change.logger)
[2018-05-10 10:12:48,191] TRACE Broker 1 handling LeaderAndIsr request correlationId 5 from controller 0 epoch 15 starting the become-leader transition for partition [example-for-report,0] (state.change.logger)
[2018-05-10 10:12:48,191] TRACE Broker 1 handling LeaderAndIsr request correlationId 5 from controller 0 epoch 15 starting the become-leader transition for partition [test001,0] (state.change.logger)
[2018-05-10 10:12:48,195] TRACE Broker 1 stopped fetchers as part of become-leader request from controller 0 epoch 15 with correlation id 5 for partition [test000,0] (state.change.logger)
[2018-05-10 10:12:48,195] TRACE Broker 1 stopped fetchers as part of become-leader request from controller 0 epoch 15 with correlation id 5 for partition [test002,0] (state.change.logger)
[2018-05-10 10:12:48,195] TRACE Broker 1 stopped fetchers as part of become-leader request from controller 0 epoch 15 with correlation id 5 for partition [example-for-report,0] (state.change.logger)
[2018-05-10 10:12:48,196] TRACE Broker 1 stopped fetchers as part of become-leader request from controller 0 epoch 15 with correlation id 5 for partition [test001,0] (state.change.logger)
[2018-05-10 10:12:48,201] TRACE Broker 1 completed LeaderAndIsr request correlationId 5 from controller 0 epoch 15 for the become-leader transition for partition [test000,0] (state.change.logger)
[2018-05-10 10:12:48,201] TRACE Broker 1 completed LeaderAndIsr request correlationId 5 from controller 0 epoch 15 for the become-leader transition for partition [test002,0] (state.change.logger)
[2018-05-10 10:12:48,201] TRACE Broker 1 completed LeaderAndIsr request correlationId 5 from controller 0 epoch 15 for the become-leader transition for partition [example-for-report,0] (state.change.logger)
[2018-05-10 10:12:48,201] TRACE Broker 1 completed LeaderAndIsr request correlationId 5 from controller 0 epoch 15 for the become-leader transition for partition [test001,0] (state.change.logger)
[2018-05-10 10:12:48,205] TRACE Broker 1 cached leader info (LeaderAndIsrInfo:(Leader:1,ISR:1,LeaderEpoch:9,ControllerEpoch:15),ReplicationFactor:2),AllReplicas:0,1) for partition [test001,0] in response to UpdateMetadata request sent by controller 0 epoch 15 with correlation id 5 (state.change.logger)
[2018-05-10 10:12:48,206] TRACE Broker 1 cached leader info (LeaderAndIsrInfo:(Leader:0,ISR:0,LeaderEpoch:5,ControllerEpoch:14),ReplicationFactor:1),AllReplicas:0) for partition [test002,1] in response to UpdateMetadata request sent by controller 0 epoch 15 with correlation id 5 (state.change.logger)
[2018-05-10 10:12:48,206] TRACE Broker 1 cached leader info (LeaderAndIsrInfo:(Leader:1,ISR:1,LeaderEpoch:6,ControllerEpoch:15),ReplicationFactor:1),AllReplicas:1) for partition [test002,0] in response to UpdateMetadata request sent by controller 0 epoch 15 with correlation id 5 (state.change.logger)
[2018-05-10 10:12:48,206] TRACE Broker 1 cached leader info (LeaderAndIsrInfo:(Leader:1,ISR:1,LeaderEpoch:9,ControllerEpoch:15),ReplicationFactor:1),AllReplicas:1) for partition [test000,0] in response to UpdateMetadata request sent by controller 0 epoch 15 with correlation id 5 (state.change.logger)
[2018-05-10 10:12:48,206] TRACE Broker 1 cached leader info (LeaderAndIsrInfo:(Leader:1,ISR:1,LeaderEpoch:7,ControllerEpoch:15),ReplicationFactor:2),AllReplicas:0,1) for partition [example-for-report,0] in response to UpdateMetadata request sent by controller 0 epoch 15 with correlation id 5 (state.change.logger)
[2018-05-10 10:12:48,209] TRACE Broker 1 cached leader info (LeaderAndIsrInfo:(Leader:1,ISR:1,LeaderEpoch:9,ControllerEpoch:15),ReplicationFactor:2),AllReplicas:0,1) for partition [test001,0] in response to UpdateMetadata request sent by controller 0 epoch 15 with correlation id 7 (state.change.logger)
[2018-05-10 10:12:48,209] TRACE Broker 1 cached leader info (LeaderAndIsrInfo:(Leader:0,ISR:0,LeaderEpoch:5,ControllerEpoch:14),ReplicationFactor:1),AllReplicas:0) for partition [test002,1] in response to UpdateMetadata request sent by controller 0 epoch 15 with correlation id 7 (state.change.logger)
[2018-05-10 10:12:48,209] TRACE Broker 1 cached leader info (LeaderAndIsrInfo:(Leader:1,ISR:1,LeaderEpoch:6,ControllerEpoch:15),ReplicationFactor:1),AllReplicas:1) for partition [test002,0] in response to UpdateMetadata request sent by controller 0 epoch 15 with correlation id 7 (state.change.logger)
[2018-05-10 10:12:48,209] TRACE Broker 1 cached leader info (LeaderAndIsrInfo:(Leader:1,ISR:1,LeaderEpoch:9,ControllerEpoch:15),ReplicationFactor:1),AllReplicas:1) for partition [test000,0] in response to UpdateMetadata request sent by controller 0 epoch 15 with correlation id 7 (state.change.logger)
[2018-05-10 10:12:48,210] TRACE Broker 1 cached leader info (LeaderAndIsrInfo:(Leader:1,ISR:1,LeaderEpoch:7,ControllerEpoch:15),ReplicationFactor:2),AllReplicas:0,1) for partition [example-for-report,0] in response to UpdateMetadata request sent by controller 0 epoch 15 with correlation id 7 (state.change.logger)
[2018-05-10 10:12:48,212] TRACE Broker 1 cached leader info (LeaderAndIsrInfo:(Leader:1,ISR:1,LeaderEpoch:9,ControllerEpoch:15),ReplicationFactor:2),AllReplicas:0,1) for partition [test001,0] in response to UpdateMetadata request sent by controller 0 epoch 15 with correlation id 8 (state.change.logger)
[2018-05-10 10:12:48,212] TRACE Broker 1 cached leader info (LeaderAndIsrInfo:(Leader:0,ISR:0,LeaderEpoch:6,ControllerEpoch:15),ReplicationFactor:1),AllReplicas:0) for partition [test002,1] in response to UpdateMetadata request sent by controller 0 epoch 15 with correlation id 8 (state.change.logger)
[2018-05-10 10:12:48,212] TRACE Broker 1 cached leader info (LeaderAndIsrInfo:(Leader:1,ISR:1,LeaderEpoch:6,ControllerEpoch:15),ReplicationFactor:1),AllReplicas:1) for partition [test002,0] in response to UpdateMetadata request sent by controller 0 epoch 15 with correlation id 8 (state.change.logger)
[2018-05-10 10:12:48,213] TRACE Broker 1 cached leader info (LeaderAndIsrInfo:(Leader:1,ISR:1,LeaderEpoch:9,ControllerEpoch:15),ReplicationFactor:1),AllReplicas:1) for partition [test000,0] in response to UpdateMetadata request sent by controller 0 epoch 15 with correlation id 8 (state.change.logger)
[2018-05-10 10:12:48,213] TRACE Broker 1 cached leader info (LeaderAndIsrInfo:(Leader:1,ISR:1,LeaderEpoch:7,ControllerEpoch:15),ReplicationFactor:2),AllReplicas:0,1) for partition [example-for-report,0] in response to UpdateMetadata request sent by controller 0 epoch 15 with correlation id 8 (state.change.logger)
[2018-05-10 10:20:46,262] TRACE Broker 1 cached leader info (LeaderAndIsrInfo:(Leader:1,ISR:1,0,LeaderEpoch:9,ControllerEpoch:15),ReplicationFactor:2),AllReplicas:0,1) for partition [test001,0] in response to UpdateMetadata request sent by controller 0 epoch 16 with correlation id 3 (state.change.logger)
[2018-05-10 10:20:46,263] TRACE Broker 1 cached leader info (LeaderAndIsrInfo:(Leader:0,ISR:0,LeaderEpoch:6,ControllerEpoch:15),ReplicationFactor:1),AllReplicas:0) for partition [test002,1] in response to UpdateMetadata request sent by controller 0 epoch 16 with correlation id 3 (state.change.logger)
[2018-05-10 10:20:46,263] TRACE Broker 1 cached leader info (LeaderAndIsrInfo:(Leader:1,ISR:1,LeaderEpoch:6,ControllerEpoch:15),ReplicationFactor:1),AllReplicas:1) for partition [test002,0] in response to UpdateMetadata request sent by controller 0 epoch 16 with correlation id 3 (state.change.logger)
[2018-05-10 10:20:46,264] TRACE Broker 1 cached leader info (LeaderAndIsrInfo:(Leader:1,ISR:1,LeaderEpoch:9,ControllerEpoch:15),ReplicationFactor:1),AllReplicas:1) for partition [test000,0] in response to UpdateMetadata request sent by controller 0 epoch 16 with correlation id 3 (state.change.logger)
[2018-05-10 10:20:46,266] TRACE Broker 1 cached leader info (LeaderAndIsrInfo:(Leader:1,ISR:1,0,LeaderEpoch:7,ControllerEpoch:15),ReplicationFactor:2),AllReplicas:0,1) for partition [example-for-report,0] in response to UpdateMetadata request sent by controller 0 epoch 16 with correlation id 3 (state.change.logger)
[2018-05-10 10:20:46,435] TRACE Broker 1 received LeaderAndIsr request (LeaderAndIsrInfo:(Leader:1,ISR:1,0,LeaderEpoch:7,ControllerEpoch:15),ReplicationFactor:2),AllReplicas:0,1) correlation id 4 from controller 0 epoch 16 for partition [example-for-report,0] (state.change.logger)
[2018-05-10 10:20:46,435] TRACE Broker 1 received LeaderAndIsr request (LeaderAndIsrInfo:(Leader:1,ISR:1,0,LeaderEpoch:9,ControllerEpoch:15),ReplicationFactor:2),AllReplicas:0,1) correlation id 4 from controller 0 epoch 16 for partition [test001,0] (state.change.logger)
[2018-05-10 10:20:46,437] TRACE Broker 1 received LeaderAndIsr request (LeaderAndIsrInfo:(Leader:1,ISR:1,LeaderEpoch:6,ControllerEpoch:15),ReplicationFactor:1),AllReplicas:1) correlation id 4 from controller 0 epoch 16 for partition [test002,0] (state.change.logger)
[2018-05-10 10:20:46,437] TRACE Broker 1 received LeaderAndIsr request (LeaderAndIsrInfo:(Leader:1,ISR:1,LeaderEpoch:9,ControllerEpoch:15),ReplicationFactor:1),AllReplicas:1) correlation id 4 from controller 0 epoch 16 for partition [test000,0] (state.change.logger)
[2018-05-10 10:20:46,448] TRACE Broker 1 handling LeaderAndIsr request correlationId 4 from controller 0 epoch 16 starting the become-leader transition for partition [test000,0] (state.change.logger)
[2018-05-10 10:20:46,452] TRACE Broker 1 handling LeaderAndIsr request correlationId 4 from controller 0 epoch 16 starting the become-leader transition for partition [test002,0] (state.change.logger)
[2018-05-10 10:20:46,452] TRACE Broker 1 handling LeaderAndIsr request correlationId 4 from controller 0 epoch 16 starting the become-leader transition for partition [example-for-report,0] (state.change.logger)
[2018-05-10 10:20:46,453] TRACE Broker 1 handling LeaderAndIsr request correlationId 4 from controller 0 epoch 16 starting the become-leader transition for partition [test001,0] (state.change.logger)
[2018-05-10 10:20:46,456] TRACE Broker 1 stopped fetchers as part of become-leader request from controller 0 epoch 16 with correlation id 4 for partition [test000,0] (state.change.logger)
[2018-05-10 10:20:46,456] TRACE Broker 1 stopped fetchers as part of become-leader request from controller 0 epoch 16 with correlation id 4 for partition [test002,0] (state.change.logger)
[2018-05-10 10:20:46,457] TRACE Broker 1 stopped fetchers as part of become-leader request from controller 0 epoch 16 with correlation id 4 for partition [example-for-report,0] (state.change.logger)
[2018-05-10 10:20:46,468] TRACE Broker 1 stopped fetchers as part of become-leader request from controller 0 epoch 16 with correlation id 4 for partition [test001,0] (state.change.logger)
[2018-05-10 10:20:46,613] TRACE Broker 1 completed LeaderAndIsr request correlationId 4 from controller 0 epoch 16 for the become-leader transition for partition [test000,0] (state.change.logger)
[2018-05-10 10:20:46,620] TRACE Broker 1 completed LeaderAndIsr request correlationId 4 from controller 0 epoch 16 for the become-leader transition for partition [test002,0] (state.change.logger)
[2018-05-10 10:20:46,620] TRACE Broker 1 completed LeaderAndIsr request correlationId 4 from controller 0 epoch 16 for the become-leader transition for partition [example-for-report,0] (state.change.logger)
[2018-05-10 10:20:46,621] TRACE Broker 1 completed LeaderAndIsr request correlationId 4 from controller 0 epoch 16 for the become-leader transition for partition [test001,0] (state.change.logger)
[2018-05-10 10:20:46,655] TRACE Broker 1 cached leader info (LeaderAndIsrInfo:(Leader:1,ISR:1,0,LeaderEpoch:9,ControllerEpoch:15),ReplicationFactor:2),AllReplicas:0,1) for partition [test001,0] in response to UpdateMetadata request sent by controller 0 epoch 16 with correlation id 4 (state.change.logger)
[2018-05-10 10:20:46,656] TRACE Broker 1 cached leader info (LeaderAndIsrInfo:(Leader:0,ISR:0,LeaderEpoch:6,ControllerEpoch:15),ReplicationFactor:1),AllReplicas:0) for partition [test002,1] in response to UpdateMetadata request sent by controller 0 epoch 16 with correlation id 4 (state.change.logger)
[2018-05-10 10:20:46,656] TRACE Broker 1 cached leader info (LeaderAndIsrInfo:(Leader:1,ISR:1,LeaderEpoch:6,ControllerEpoch:15),ReplicationFactor:1),AllReplicas:1) for partition [test002,0] in response to UpdateMetadata request sent by controller 0 epoch 16 with correlation id 4 (state.change.logger)
[2018-05-10 10:20:46,656] TRACE Broker 1 cached leader info (LeaderAndIsrInfo:(Leader:1,ISR:1,LeaderEpoch:9,ControllerEpoch:15),ReplicationFactor:1),AllReplicas:1) for partition [test000,0] in response to UpdateMetadata request sent by controller 0 epoch 16 with correlation id 4 (state.change.logger)
[2018-05-10 10:20:46,657] TRACE Broker 1 cached leader info (LeaderAndIsrInfo:(Leader:1,ISR:1,0,LeaderEpoch:7,ControllerEpoch:15),ReplicationFactor:2),AllReplicas:0,1) for partition [example-for-report,0] in response to UpdateMetadata request sent by controller 0 epoch 16 with correlation id 4 (state.change.logger)
[2018-05-10 10:20:46,659] TRACE Broker 1 received LeaderAndIsr request (LeaderAndIsrInfo:(Leader:1,ISR:1,0,LeaderEpoch:8,ControllerEpoch:16),ReplicationFactor:2),AllReplicas:0,1) correlation id 5 from controller 0 epoch 16 for partition [example-for-report,0] (state.change.logger)
[2018-05-10 10:20:46,659] TRACE Broker 1 received LeaderAndIsr request (LeaderAndIsrInfo:(Leader:1,ISR:1,0,LeaderEpoch:10,ControllerEpoch:16),ReplicationFactor:2),AllReplicas:0,1) correlation id 5 from controller 0 epoch 16 for partition [test001,0] (state.change.logger)
[2018-05-10 10:20:46,659] TRACE Broker 1 received LeaderAndIsr request (LeaderAndIsrInfo:(Leader:1,ISR:1,LeaderEpoch:7,ControllerEpoch:16),ReplicationFactor:1),AllReplicas:1) correlation id 5 from controller 0 epoch 16 for partition [test002,0] (state.change.logger)
[2018-05-10 10:20:46,660] TRACE Broker 1 received LeaderAndIsr request (LeaderAndIsrInfo:(Leader:1,ISR:1,LeaderEpoch:10,ControllerEpoch:16),ReplicationFactor:1),AllReplicas:1) correlation id 5 from controller 0 epoch 16 for partition [test000,0] (state.change.logger)
[2018-05-10 10:20:46,660] TRACE Broker 1 handling LeaderAndIsr request correlationId 5 from controller 0 epoch 16 starting the become-leader transition for partition [test000,0] (state.change.logger)
[2018-05-10 10:20:46,660] TRACE Broker 1 handling LeaderAndIsr request correlationId 5 from controller 0 epoch 16 starting the become-leader transition for partition [test002,0] (state.change.logger)
[2018-05-10 10:20:46,661] TRACE Broker 1 handling LeaderAndIsr request correlationId 5 from controller 0 epoch 16 starting the become-leader transition for partition [example-for-report,0] (state.change.logger)
[2018-05-10 10:20:46,661] TRACE Broker 1 handling LeaderAndIsr request correlationId 5 from controller 0 epoch 16 starting the become-leader transition for partition [test001,0] (state.change.logger)
[2018-05-10 10:20:46,662] TRACE Broker 1 stopped fetchers as part of become-leader request from controller 0 epoch 16 with correlation id 5 for partition [test000,0] (state.change.logger)
[2018-05-10 10:20:46,667] TRACE Broker 1 stopped fetchers as part of become-leader request from controller 0 epoch 16 with correlation id 5 for partition [test002,0] (state.change.logger)
[2018-05-10 10:20:46,667] TRACE Broker 1 stopped fetchers as part of become-leader request from controller 0 epoch 16 with correlation id 5 for partition [example-for-report,0] (state.change.logger)
[2018-05-10 10:20:46,668] TRACE Broker 1 stopped fetchers as part of become-leader request from controller 0 epoch 16 with correlation id 5 for partition [test001,0] (state.change.logger)
[2018-05-10 10:20:46,673] TRACE Broker 1 completed LeaderAndIsr request correlationId 5 from controller 0 epoch 16 for the become-leader transition for partition [test000,0] (state.change.logger)
[2018-05-10 10:20:46,674] TRACE Broker 1 completed LeaderAndIsr request correlationId 5 from controller 0 epoch 16 for the become-leader transition for partition [test002,0] (state.change.logger)
[2018-05-10 10:20:46,674] TRACE Broker 1 completed LeaderAndIsr request correlationId 5 from controller 0 epoch 16 for the become-leader transition for partition [example-for-report,0] (state.change.logger)
[2018-05-10 10:20:46,674] TRACE Broker 1 completed LeaderAndIsr request correlationId 5 from controller 0 epoch 16 for the become-leader transition for partition [test001,0] (state.change.logger)
[2018-05-10 10:20:46,686] TRACE Broker 1 cached leader info (LeaderAndIsrInfo:(Leader:1,ISR:1,0,LeaderEpoch:10,ControllerEpoch:16),ReplicationFactor:2),AllReplicas:0,1) for partition [test001,0] in response to UpdateMetadata request sent by controller 0 epoch 16 with correlation id 5 (state.change.logger)
[2018-05-10 10:20:46,686] TRACE Broker 1 cached leader info (LeaderAndIsrInfo:(Leader:0,ISR:0,LeaderEpoch:7,ControllerEpoch:16),ReplicationFactor:1),AllReplicas:0) for partition [test002,1] in response to UpdateMetadata request sent by controller 0 epoch 16 with correlation id 5 (state.change.logger)
[2018-05-10 10:20:46,687] TRACE Broker 1 cached leader info (LeaderAndIsrInfo:(Leader:1,ISR:1,LeaderEpoch:7,ControllerEpoch:16),ReplicationFactor:1),AllReplicas:1) for partition [test002,0] in response to UpdateMetadata request sent by controller 0 epoch 16 with correlation id 5 (state.change.logger)
[2018-05-10 10:20:46,687] TRACE Broker 1 cached leader info (LeaderAndIsrInfo:(Leader:1,ISR:1,LeaderEpoch:10,ControllerEpoch:16),ReplicationFactor:1),AllReplicas:1) for partition [test000,0] in response to UpdateMetadata request sent by controller 0 epoch 16 with correlation id 5 (state.change.logger)
[2018-05-10 10:20:46,687] TRACE Broker 1 cached leader info (LeaderAndIsrInfo:(Leader:1,ISR:1,0,LeaderEpoch:8,ControllerEpoch:16),ReplicationFactor:2),AllReplicas:0,1) for partition [example-for-report,0] in response to UpdateMetadata request sent by controller 0 epoch 16 with correlation id 5 (state.change.logger)
[2018-05-10 10:23:54,670] TRACE Broker 1 cached leader info (LeaderAndIsrInfo:(Leader:1,ISR:1,0,LeaderEpoch:10,ControllerEpoch:16),ReplicationFactor:2),AllReplicas:0,1) for partition [test001,0] in response to UpdateMetadata request sent by controller 0 epoch 17 with correlation id 3 (state.change.logger)
[2018-05-10 10:23:54,670] TRACE Broker 1 cached leader info (LeaderAndIsrInfo:(Leader:0,ISR:0,LeaderEpoch:7,ControllerEpoch:16),ReplicationFactor:1),AllReplicas:0) for partition [test002,1] in response to UpdateMetadata request sent by controller 0 epoch 17 with correlation id 3 (state.change.logger)
[2018-05-10 10:23:54,671] TRACE Broker 1 cached leader info (LeaderAndIsrInfo:(Leader:1,ISR:1,LeaderEpoch:7,ControllerEpoch:16),ReplicationFactor:1),AllReplicas:1) for partition [test002,0] in response to UpdateMetadata request sent by controller 0 epoch 17 with correlation id 3 (state.change.logger)
[2018-05-10 10:23:54,671] TRACE Broker 1 cached leader info (LeaderAndIsrInfo:(Leader:1,ISR:1,LeaderEpoch:10,ControllerEpoch:16),ReplicationFactor:1),AllReplicas:1) for partition [test000,0] in response to UpdateMetadata request sent by controller 0 epoch 17 with correlation id 3 (state.change.logger)
[2018-05-10 10:23:54,671] TRACE Broker 1 cached leader info (LeaderAndIsrInfo:(Leader:1,ISR:1,0,LeaderEpoch:8,ControllerEpoch:16),ReplicationFactor:2),AllReplicas:0,1) for partition [example-for-report,0] in response to UpdateMetadata request sent by controller 0 epoch 17 with correlation id 3 (state.change.logger)
[2018-05-10 10:23:54,862] TRACE Broker 1 received LeaderAndIsr request (LeaderAndIsrInfo:(Leader:1,ISR:1,0,LeaderEpoch:8,ControllerEpoch:16),ReplicationFactor:2),AllReplicas:0,1) correlation id 4 from controller 0 epoch 17 for partition [example-for-report,0] (state.change.logger)
[2018-05-10 10:23:54,862] TRACE Broker 1 received LeaderAndIsr request (LeaderAndIsrInfo:(Leader:1,ISR:1,0,LeaderEpoch:10,ControllerEpoch:16),ReplicationFactor:2),AllReplicas:0,1) correlation id 4 from controller 0 epoch 17 for partition [test001,0] (state.change.logger)
[2018-05-10 10:23:54,862] TRACE Broker 1 received LeaderAndIsr request (LeaderAndIsrInfo:(Leader:1,ISR:1,LeaderEpoch:7,ControllerEpoch:16),ReplicationFactor:1),AllReplicas:1) correlation id 4 from controller 0 epoch 17 for partition [test002,0] (state.change.logger)
[2018-05-10 10:23:54,863] TRACE Broker 1 received LeaderAndIsr request (LeaderAndIsrInfo:(Leader:1,ISR:1,LeaderEpoch:10,ControllerEpoch:16),ReplicationFactor:1),AllReplicas:1) correlation id 4 from controller 0 epoch 17 for partition [test000,0] (state.change.logger)
[2018-05-10 10:23:54,880] TRACE Broker 1 handling LeaderAndIsr request correlationId 4 from controller 0 epoch 17 starting the become-leader transition for partition [test000,0] (state.change.logger)
[2018-05-10 10:23:54,881] TRACE Broker 1 handling LeaderAndIsr request correlationId 4 from controller 0 epoch 17 starting the become-leader transition for partition [test002,0] (state.change.logger)
[2018-05-10 10:23:54,881] TRACE Broker 1 handling LeaderAndIsr request correlationId 4 from controller 0 epoch 17 starting the become-leader transition for partition [example-for-report,0] (state.change.logger)
[2018-05-10 10:23:54,881] TRACE Broker 1 handling LeaderAndIsr request correlationId 4 from controller 0 epoch 17 starting the become-leader transition for partition [test001,0] (state.change.logger)
[2018-05-10 10:23:54,892] TRACE Broker 1 stopped fetchers as part of become-leader request from controller 0 epoch 17 with correlation id 4 for partition [test000,0] (state.change.logger)
[2018-05-10 10:23:54,892] TRACE Broker 1 stopped fetchers as part of become-leader request from controller 0 epoch 17 with correlation id 4 for partition [test002,0] (state.change.logger)
[2018-05-10 10:23:54,893] TRACE Broker 1 stopped fetchers as part of become-leader request from controller 0 epoch 17 with correlation id 4 for partition [example-for-report,0] (state.change.logger)
[2018-05-10 10:23:54,893] TRACE Broker 1 stopped fetchers as part of become-leader request from controller 0 epoch 17 with correlation id 4 for partition [test001,0] (state.change.logger)
[2018-05-10 10:23:55,051] TRACE Broker 1 completed LeaderAndIsr request correlationId 4 from controller 0 epoch 17 for the become-leader transition for partition [test000,0] (state.change.logger)
[2018-05-10 10:23:55,076] TRACE Broker 1 completed LeaderAndIsr request correlationId 4 from controller 0 epoch 17 for the become-leader transition for partition [test002,0] (state.change.logger)
[2018-05-10 10:23:55,076] TRACE Broker 1 completed LeaderAndIsr request correlationId 4 from controller 0 epoch 17 for the become-leader transition for partition [example-for-report,0] (state.change.logger)
[2018-05-10 10:23:55,077] TRACE Broker 1 completed LeaderAndIsr request correlationId 4 from controller 0 epoch 17 for the become-leader transition for partition [test001,0] (state.change.logger)
[2018-05-10 10:23:55,103] TRACE Broker 1 cached leader info (LeaderAndIsrInfo:(Leader:1,ISR:1,0,LeaderEpoch:10,ControllerEpoch:16),ReplicationFactor:2),AllReplicas:0,1) for partition [test001,0] in response to UpdateMetadata request sent by controller 0 epoch 17 with correlation id 4 (state.change.logger)
[2018-05-10 10:23:55,104] TRACE Broker 1 cached leader info (LeaderAndIsrInfo:(Leader:0,ISR:0,LeaderEpoch:7,ControllerEpoch:16),ReplicationFactor:1),AllReplicas:0) for partition [test002,1] in response to UpdateMetadata request sent by controller 0 epoch 17 with correlation id 4 (state.change.logger)
[2018-05-10 10:23:55,104] TRACE Broker 1 cached leader info (LeaderAndIsrInfo:(Leader:1,ISR:1,LeaderEpoch:7,ControllerEpoch:16),ReplicationFactor:1),AllReplicas:1) for partition [test002,0] in response to UpdateMetadata request sent by controller 0 epoch 17 with correlation id 4 (state.change.logger)
[2018-05-10 10:23:55,105] TRACE Broker 1 cached leader info (LeaderAndIsrInfo:(Leader:1,ISR:1,LeaderEpoch:10,ControllerEpoch:16),ReplicationFactor:1),AllReplicas:1) for partition [test000,0] in response to UpdateMetadata request sent by controller 0 epoch 17 with correlation id 4 (state.change.logger)
[2018-05-10 10:23:55,105] TRACE Broker 1 cached leader info (LeaderAndIsrInfo:(Leader:1,ISR:1,0,LeaderEpoch:8,ControllerEpoch:16),ReplicationFactor:2),AllReplicas:0,1) for partition [example-for-report,0] in response to UpdateMetadata request sent by controller 0 epoch 17 with correlation id 4 (state.change.logger)
[2018-05-10 10:23:55,107] TRACE Broker 1 received LeaderAndIsr request (LeaderAndIsrInfo:(Leader:1,ISR:1,0,LeaderEpoch:9,ControllerEpoch:17),ReplicationFactor:2),AllReplicas:0,1) correlation id 5 from controller 0 epoch 17 for partition [example-for-report,0] (state.change.logger)
[2018-05-10 10:23:55,107] TRACE Broker 1 received LeaderAndIsr request (LeaderAndIsrInfo:(Leader:1,ISR:1,0,LeaderEpoch:11,ControllerEpoch:17),ReplicationFactor:2),AllReplicas:0,1) correlation id 5 from controller 0 epoch 17 for partition [test001,0] (state.change.logger)
[2018-05-10 10:23:55,107] TRACE Broker 1 received LeaderAndIsr request (LeaderAndIsrInfo:(Leader:1,ISR:1,LeaderEpoch:8,ControllerEpoch:17),ReplicationFactor:1),AllReplicas:1) correlation id 5 from controller 0 epoch 17 for partition [test002,0] (state.change.logger)
[2018-05-10 10:23:55,108] TRACE Broker 1 received LeaderAndIsr request (LeaderAndIsrInfo:(Leader:1,ISR:1,LeaderEpoch:11,ControllerEpoch:17),ReplicationFactor:1),AllReplicas:1) correlation id 5 from controller 0 epoch 17 for partition [test000,0] (state.change.logger)
[2018-05-10 10:23:55,108] TRACE Broker 1 handling LeaderAndIsr request correlationId 5 from controller 0 epoch 17 starting the become-leader transition for partition [test000,0] (state.change.logger)
[2018-05-10 10:23:55,109] TRACE Broker 1 handling LeaderAndIsr request correlationId 5 from controller 0 epoch 17 starting the become-leader transition for partition [test002,0] (state.change.logger)
[2018-05-10 10:23:55,109] TRACE Broker 1 handling LeaderAndIsr request correlationId 5 from controller 0 epoch 17 starting the become-leader transition for partition [example-for-report,0] (state.change.logger)
[2018-05-10 10:23:55,109] TRACE Broker 1 handling LeaderAndIsr request correlationId 5 from controller 0 epoch 17 starting the become-leader transition for partition [test001,0] (state.change.logger)
[2018-05-10 10:23:55,110] TRACE Broker 1 stopped fetchers as part of become-leader request from controller 0 epoch 17 with correlation id 5 for partition [test000,0] (state.change.logger)
[2018-05-10 10:23:55,110] TRACE Broker 1 stopped fetchers as part of become-leader request from controller 0 epoch 17 with correlation id 5 for partition [test002,0] (state.change.logger)
[2018-05-10 10:23:55,111] TRACE Broker 1 stopped fetchers as part of become-leader request from controller 0 epoch 17 with correlation id 5 for partition [example-for-report,0] (state.change.logger)
[2018-05-10 10:23:55,111] TRACE Broker 1 stopped fetchers as part of become-leader request from controller 0 epoch 17 with correlation id 5 for partition [test001,0] (state.change.logger)
[2018-05-10 10:23:55,132] TRACE Broker 1 completed LeaderAndIsr request correlationId 5 from controller 0 epoch 17 for the become-leader transition for partition [test000,0] (state.change.logger)
[2018-05-10 10:23:55,132] TRACE Broker 1 completed LeaderAndIsr request correlationId 5 from controller 0 epoch 17 for the become-leader transition for partition [test002,0] (state.change.logger)
[2018-05-10 10:23:55,133] TRACE Broker 1 completed LeaderAndIsr request correlationId 5 from controller 0 epoch 17 for the become-leader transition for partition [example-for-report,0] (state.change.logger)
[2018-05-10 10:23:55,133] TRACE Broker 1 completed LeaderAndIsr request correlationId 5 from controller 0 epoch 17 for the become-leader transition for partition [test001,0] (state.change.logger)
[2018-05-10 10:23:55,138] TRACE Broker 1 cached leader info (LeaderAndIsrInfo:(Leader:1,ISR:1,0,LeaderEpoch:11,ControllerEpoch:17),ReplicationFactor:2),AllReplicas:0,1) for partition [test001,0] in response to UpdateMetadata request sent by controller 0 epoch 17 with correlation id 5 (state.change.logger)
[2018-05-10 10:23:55,139] TRACE Broker 1 cached leader info (LeaderAndIsrInfo:(Leader:0,ISR:0,LeaderEpoch:8,ControllerEpoch:17),ReplicationFactor:1),AllReplicas:0) for partition [test002,1] in response to UpdateMetadata request sent by controller 0 epoch 17 with correlation id 5 (state.change.logger)
[2018-05-10 10:23:55,139] TRACE Broker 1 cached leader info (LeaderAndIsrInfo:(Leader:1,ISR:1,LeaderEpoch:8,ControllerEpoch:17),ReplicationFactor:1),AllReplicas:1) for partition [test002,0] in response to UpdateMetadata request sent by controller 0 epoch 17 with correlation id 5 (state.change.logger)
[2018-05-10 10:23:55,139] TRACE Broker 1 cached leader info (LeaderAndIsrInfo:(Leader:1,ISR:1,LeaderEpoch:11,ControllerEpoch:17),ReplicationFactor:1),AllReplicas:1) for partition [test000,0] in response to UpdateMetadata request sent by controller 0 epoch 17 with correlation id 5 (state.change.logger)
[2018-05-10 10:23:55,140] TRACE Broker 1 cached leader info (LeaderAndIsrInfo:(Leader:1,ISR:1,0,LeaderEpoch:9,ControllerEpoch:17),ReplicationFactor:2),AllReplicas:0,1) for partition [example-for-report,0] in response to UpdateMetadata request sent by controller 0 epoch 17 with correlation id 5 (state.change.logger)
